[INFO] 15:33:41:407 imongo.c/(11953:11953): ---------CREO FILESYSTEM----------
[INFO] 15:34:00:481 imongo.c/(11953:12006): paquete->buffer->size 12 y 71102208
[INFO] 15:34:00:488 imongo.c/(11953:12006): Cantidad de Parametros 3
[INFO] 15:34:00:488 imongo.c/(11953:12001): paquete->buffer->size 20 y 71104336
[INFO] 15:34:00:492 imongo.c/(11953:12001): Tripulante 0 estaba en 0|5 y ahora esta en 9|8
[INFO] 15:34:00:500 imongo.c/(11953:12006): Llego el tripulante 0
[INFO] 15:34:00:501 imongo.c/(11953:12006): Tripulante 0 genera 3 de Oxigeno
[INFO] 15:34:00:527 imongo.c/(11953:12001): paquete->buffer->size 20 y 71104356
[INFO] 15:34:00:573 imongo.c/(11953:12006): Se guardo el MD5 0ab78a3c80b43e81c9387415fc8b3d88
[INFO] 15:34:00:576 imongo.c/(11953:12006): Tripulante 0 termino de generar 3 de Oxigeno
[INFO] 15:34:00:578 imongo.c/(11953:12006): paquete->buffer->size 12 y 71102220
[INFO] 15:34:02:483 imongo.c/(11953:12017): paquete->buffer->size 12 y 71227208
[INFO] 15:34:02:483 imongo.c/(11953:12017): Cantidad de Parametros 3
[INFO] 15:34:02:483 imongo.c/(11953:12017): Llego el tripulante 1
[INFO] 15:34:02:483 imongo.c/(11953:12017): Tripulante 1 genera 3 de Oxigeno
[INFO] 15:34:02:487 imongo.c/(11953:12012): paquete->buffer->size 20 y 71238264
[INFO] 15:34:02:487 imongo.c/(11953:12012): Tripulante 1 estaba en 2|1 y ahora esta en 9|8
[INFO] 15:34:02:490 imongo.c/(11953:12012): paquete->buffer->size 20 y 71238284
[INFO] 15:34:02:514 imongo.c/(11953:12017): Se guardo el MD5 bf53d82e718e602b3048f15781abae0f
[INFO] 15:34:02:515 imongo.c/(11953:12017): Tripulante 1 termino de generar 3 de Oxigeno
[INFO] 15:34:02:515 imongo.c/(11953:12017): paquete->buffer->size 12 y 71227220
[INFO] 15:38:59:838 imongo.c/(12140:12140): ---------CREO FILESYSTEM----------
[INFO] 15:39:18:754 imongo.c/(12140:12194): paquete->buffer->size 12 y 71102208
[INFO] 15:39:18:761 imongo.c/(12140:12194): Cantidad de Parametros 3
[INFO] 15:39:18:761 imongo.c/(12140:12189): paquete->buffer->size 20 y 71104336
[INFO] 15:39:18:763 imongo.c/(12140:12189): Tripulante 0 estaba en 0|5 y ahora esta en 9|8
[INFO] 15:39:18:772 imongo.c/(12140:12194): Llego el tripulante 0
[INFO] 15:39:18:772 imongo.c/(12140:12194): Tripulante 0 genera 3 de Oxigeno
[INFO] 15:39:18:797 imongo.c/(12140:12189): paquete->buffer->size 20 y 71104336
[INFO] 15:39:18:846 imongo.c/(12140:12194): Se guardo el MD5 0ab78a3c80b43e81c9387415fc8b3d88
[INFO] 15:39:18:849 imongo.c/(12140:12194): Tripulante 0 termino de generar 3 de Oxigeno
[INFO] 15:39:18:850 imongo.c/(12140:12194): paquete->buffer->size 12 y 71102208
[INFO] 15:39:20:754 imongo.c/(12140:12205): paquete->buffer->size 12 y 71227208
[INFO] 15:39:20:755 imongo.c/(12140:12205): Cantidad de Parametros 3
[INFO] 15:39:20:755 imongo.c/(12140:12205): Llego el tripulante 1
[INFO] 15:39:20:755 imongo.c/(12140:12205): Tripulante 1 genera 3 de Oxigeno
[INFO] 15:39:20:757 imongo.c/(12140:12200): paquete->buffer->size 20 y 71239168
[INFO] 15:39:20:757 imongo.c/(12140:12200): Tripulante 1 estaba en 2|1 y ahora esta en 9|8
[INFO] 15:39:20:760 imongo.c/(12140:12200): paquete->buffer->size 20 y 71239168
[INFO] 15:39:20:781 imongo.c/(12140:12205): Se guardo el MD5 bf53d82e718e602b3048f15781abae0f
[INFO] 15:39:20:781 imongo.c/(12140:12205): Tripulante 1 termino de generar 3 de Oxigeno
[INFO] 15:39:20:781 imongo.c/(12140:12205): paquete->buffer->size 12 y 71227208
[INFO] 15:39:24:763 imongo.c/(12140:12229): paquete->buffer->size 12 y 71339152
[INFO] 15:39:24:763 imongo.c/(12140:12229): Cantidad de Parametros 3
[INFO] 15:39:24:763 imongo.c/(12140:12229): Llego el tripulante 2
[INFO] 15:39:24:763 imongo.c/(12140:12229): Tripulante 2 genera 3 de Oxigeno
[INFO] 15:39:24:768 imongo.c/(12140:12223): paquete->buffer->size 20 y 71375352
[INFO] 15:39:24:768 imongo.c/(12140:12223): Tripulante 2 estaba en 9|2 y ahora esta en 9|8
[INFO] 15:39:24:770 imongo.c/(12140:12223): paquete->buffer->size 20 y 71375352
[INFO] 15:39:24:788 imongo.c/(12140:12229): Se guardo el MD5 3dae1a6397f7d0b9bfcc4fca09b4193f
[INFO] 15:39:24:789 imongo.c/(12140:12229): Tripulante 2 termino de generar 3 de Oxigeno
[INFO] 15:39:24:789 imongo.c/(12140:12229): paquete->buffer->size 12 y 71339152
[INFO] 15:39:25:755 imongo.c/(12140:12232): paquete->buffer->size 24 y 71450920
[INFO] 15:39:25:757 imongo.c/(12140:12232): Trip 0 termino GENERAR_OXIGENO
[INFO] 15:39:25:765 imongo.c/(12140:12232): paquete->buffer->size 24 y 71450920
[INFO] 15:39:27:756 imongo.c/(12140:12237): paquete->buffer->size 24 y 71471256
[INFO] 15:39:27:756 imongo.c/(12140:12237): Trip 1 termino GENERAR_OXIGENO
[INFO] 15:39:27:771 imongo.c/(12140:12237): paquete->buffer->size 24 y 71471256
[INFO] 15:39:27:774 imongo.c/(12140:12245): paquete->buffer->size 12 y 71491776
[INFO] 15:39:27:774 imongo.c/(12140:12245): Cantidad de Parametros 3
[INFO] 15:39:27:774 imongo.c/(12140:12245): Llego el tripulante 3
[INFO] 15:39:27:774 imongo.c/(12140:12245): Tripulante 3 genera 3 de Oxigeno
[INFO] 15:39:27:775 imongo.c/(12140:12239): paquete->buffer->size 20 y 71502832
[INFO] 15:39:27:776 imongo.c/(12140:12239): Tripulante 3 estaba en 6|4 y ahora esta en 9|8
[INFO] 15:39:27:780 imongo.c/(12140:12239): paquete->buffer->size 20 y 71502832
[INFO] 15:39:27:803 imongo.c/(12140:12245): Se guardo el MD5 a33374903403515a90c044641ec559cf
[INFO] 15:39:27:805 imongo.c/(12140:12245): Tripulante 3 termino de generar 3 de Oxigeno
[INFO] 15:39:27:805 imongo.c/(12140:12245): paquete->buffer->size 12 y 71491776
[INFO] 15:39:31:764 imongo.c/(12140:12254): paquete->buffer->size 24 y 71603576
[INFO] 15:39:31:765 imongo.c/(12140:12254): Trip 2 termino GENERAR_OXIGENO
[INFO] 15:39:31:770 imongo.c/(12140:12254): paquete->buffer->size 24 y 71603576
[INFO] 15:39:34:768 imongo.c/(12140:12261): paquete->buffer->size 24 y 71623912
[INFO] 15:39:34:768 imongo.c/(12140:12261): Trip 3 termino GENERAR_OXIGENO
[INFO] 15:39:34:774 imongo.c/(12140:12261): paquete->buffer->size 24 y 71623912
[INFO] 15:39:39:784 imongo.c/(12140:12280): paquete->buffer->size 12 y 71644432
[INFO] 15:39:39:784 imongo.c/(12140:12280): Cantidad de Parametros 4
[INFO] 15:39:39:785 imongo.c/(12140:12280): Llego el tripulante 0
[INFO] 15:39:39:785 imongo.c/(12140:12280): Tripulante 0 genera 4 de Oxigeno
[INFO] 15:39:39:791 imongo.c/(12140:12275): paquete->buffer->size 20 y 71704096
[INFO] 15:39:39:791 imongo.c/(12140:12275): Tripulante 0 estaba en 9|8 y ahora esta en 2|3
[INFO] 15:39:39:793 imongo.c/(12140:12275): paquete->buffer->size 20 y 71704096
[INFO] 15:39:39:808 imongo.c/(12140:12280): Se guardo el MD5 6d347a3722d73fe189ea258c618e5e08
[INFO] 15:39:39:808 imongo.c/(12140:12280): Tripulante 0 termino de generar 4 de Oxigeno
[INFO] 15:39:39:808 imongo.c/(12140:12280): paquete->buffer->size 12 y 71644432
[INFO] 15:39:41:782 imongo.c/(12140:12291): paquete->buffer->size 12 y 71756600
[INFO] 15:39:41:782 imongo.c/(12140:12291): Cantidad de Parametros 3
[INFO] 15:39:41:782 imongo.c/(12140:12291): Llego el tripulante 4
[INFO] 15:39:41:782 imongo.c/(12140:12291): Tripulante 4 genera 3 de Oxigeno
[INFO] 15:39:41:784 imongo.c/(12140:12286): paquete->buffer->size 20 y 71773016
[INFO] 15:39:41:784 imongo.c/(12140:12286): Tripulante 4 estaba en 0|0 y ahora esta en 9|8
[INFO] 15:39:41:787 imongo.c/(12140:12286): paquete->buffer->size 20 y 71773016
[INFO] 15:39:41:805 imongo.c/(12140:12291): Se guardo el MD5 eaa48fad59a11398906f262665986db2
[INFO] 15:39:41:805 imongo.c/(12140:12291): Tripulante 4 termino de generar 3 de Oxigeno
[INFO] 15:39:41:805 imongo.c/(12140:12291): paquete->buffer->size 12 y 71756600
[INFO] 15:39:48:783 imongo.c/(12140:12307): paquete->buffer->size 24 y 71868408
[INFO] 15:39:48:784 imongo.c/(12140:12307): Trip 4 termino GENERAR_OXIGENO
[INFO] 15:39:48:791 imongo.c/(12140:12308): paquete->buffer->size 24 y 71883344
[INFO] 15:39:48:791 imongo.c/(12140:12308): Trip 0 termino GENERAR_OXIGENO
[INFO] 15:39:48:792 imongo.c/(12140:12307): paquete->buffer->size 24 y 71868408
[INFO] 15:39:48:794 imongo.c/(12140:12308): paquete->buffer->size 24 y 71883344
[INFO] 15:39:51:799 imongo.c/(12140:12323): paquete->buffer->size 12 y 71909384
[INFO] 15:39:51:799 imongo.c/(12140:12323): Cantidad de Parametros 4
[INFO] 15:39:51:799 imongo.c/(12140:12323): Llego el tripulante 1
[INFO] 15:39:51:799 imongo.c/(12140:12323): Tripulante 1 genera 4 de Oxigeno
[INFO] 15:39:51:805 imongo.c/(12140:12318): paquete->buffer->size 20 y 71969048
[INFO] 15:39:51:805 imongo.c/(12140:12318): Tripulante 1 estaba en 9|8 y ahora esta en 2|3
[INFO] 15:39:51:806 imongo.c/(12140:12318): paquete->buffer->size 20 y 71969048
[INFO] 15:39:51:821 imongo.c/(12140:12323): Se guardo el MD5 c079ee07946b85bf455053b42556a57b
[INFO] 15:39:51:822 imongo.c/(12140:12323): Tripulante 1 termino de generar 4 de Oxigeno
[INFO] 15:39:51:822 imongo.c/(12140:12323): paquete->buffer->size 12 y 71909384
[INFO] 15:39:53:797 imongo.c/(12140:12334): paquete->buffer->size 12 y 72021560
[INFO] 15:39:53:797 imongo.c/(12140:12334): Cantidad de Parametros 4
[INFO] 15:39:53:797 imongo.c/(12140:12334): Llego el tripulante 2
[INFO] 15:39:53:797 imongo.c/(12140:12334): Tripulante 2 genera 4 de Oxigeno
[INFO] 15:39:53:800 imongo.c/(12140:12329): paquete->buffer->size 20 y 72038808
[INFO] 15:39:53:800 imongo.c/(12140:12329): Tripulante 2 estaba en 9|8 y ahora esta en 2|3
[INFO] 15:39:53:803 imongo.c/(12140:12329): paquete->buffer->size 20 y 72038808
[INFO] 15:39:53:823 imongo.c/(12140:12334): Se guardo el MD5 ab1c3976e9e3b6469c0f3b803456abf9
[INFO] 15:39:53:824 imongo.c/(12140:12334): Tripulante 2 termino de generar 4 de Oxigeno
[INFO] 15:39:53:825 imongo.c/(12140:12334): paquete->buffer->size 12 y 72021560
[INFO] 15:40:00:803 imongo.c/(12140:12350): paquete->buffer->size 24 y 72133560
[INFO] 15:40:00:804 imongo.c/(12140:12350): Trip 1 termino GENERAR_OXIGENO
[INFO] 15:40:00:809 imongo.c/(12140:12350): paquete->buffer->size 24 y 72133560
[INFO] 15:40:02:796 imongo.c/(12140:12355): paquete->buffer->size 24 y 72154000
[INFO] 15:40:02:797 imongo.c/(12140:12355): Trip 2 termino GENERAR_OXIGENO
[INFO] 15:40:02:804 imongo.c/(12140:12355): paquete->buffer->size 24 y 72154000
[INFO] 15:40:03:820 imongo.c/(12140:12366): paquete->buffer->size 20 y 72174624
[INFO] 15:40:03:820 imongo.c/(12140:12366): Tripulante 3 estaba en 9|8 y ahora esta en 2|3
[INFO] 15:40:03:821 imongo.c/(12140:12366): paquete->buffer->size 20 y 72174624
[INFO] 15:40:03:822 imongo.c/(12140:12367): paquete->buffer->size 12 y 72200256
[INFO] 15:40:03:822 imongo.c/(12140:12367): Cantidad de Parametros 4
[INFO] 15:40:03:822 imongo.c/(12140:12367): Llego el tripulante 3
[INFO] 15:40:03:822 imongo.c/(12140:12367): Tripulante 3 genera 4 de Oxigeno
[INFO] 15:40:03:871 imongo.c/(12140:12367): Se guardo el MD5 bc7873a63c53ad31ad9569bf4a8b5051
[INFO] 15:40:03:873 imongo.c/(12140:12367): Tripulante 3 termino de generar 4 de Oxigeno
[INFO] 15:40:03:873 imongo.c/(12140:12367): paquete->buffer->size 12 y 72200256
[INFO] 15:40:12:823 imongo.c/(12140:12400): paquete->buffer->size 24 y 72286624
[INFO] 15:40:12:823 imongo.c/(12140:12400): Trip 3 termino GENERAR_OXIGENO
[INFO] 15:40:12:828 imongo.c/(12140:12400): paquete->buffer->size 24 y 72286624
[INFO] 15:40:15:829 imongo.c/(12140:12424): paquete->buffer->size 12 y 72307248
[INFO] 15:40:15:830 imongo.c/(12140:12424): Cantidad de Parametros 4
[INFO] 15:40:15:830 imongo.c/(12140:12424): Llego el tripulante 4
[INFO] 15:40:15:830 imongo.c/(12140:12424): Tripulante 4 genera 4 de Oxigeno
[INFO] 15:40:15:833 imongo.c/(12140:12419): paquete->buffer->size 20 y 72334712
[INFO] 15:40:15:834 imongo.c/(12140:12419): Tripulante 4 estaba en 9|8 y ahora esta en 2|3
[INFO] 15:40:15:836 imongo.c/(12140:12419): paquete->buffer->size 20 y 72334712
[INFO] 15:40:15:858 imongo.c/(12140:12424): Se guardo el MD5 f1a2b6866bec7a4d664d991dcdab1d17
[INFO] 15:40:15:861 imongo.c/(12140:12424): Tripulante 4 termino de generar 4 de Oxigeno
[INFO] 15:40:15:861 imongo.c/(12140:12424): paquete->buffer->size 12 y 72307248
[INFO] 15:40:18:822 imongo.c/(12140:12444): paquete->buffer->size 12 y 72419488
[INFO] 15:40:18:822 imongo.c/(12140:12444): Cantidad de Parametros 2
[INFO] 15:40:18:822 imongo.c/(12140:12444): Llego el tripulante 0
[INFO] 15:40:18:823 imongo.c/(12140:12444): Tripulante 0 consume 2 de Oxigeno
[INFO] 15:40:18:831 imongo.c/(12140:12439): paquete->buffer->size 20 y 72436800
[INFO] 15:40:18:831 imongo.c/(12140:12439): Tripulante 0 estaba en 2|3 y ahora esta en 14|16
[INFO] 15:40:18:837 imongo.c/(12140:12439): paquete->buffer->size 20 y 72436800
[INFO] 15:40:18:861 imongo.c/(12140:12444): Se guardo el MD5 669358d711405cadfa96603a2d15036b
[INFO] 15:40:18:862 imongo.c/(12140:12444): Se consumio 2 de Oxigeno
[INFO] 15:40:18:862 imongo.c/(12140:12444): paquete->buffer->size 12 y 72419488
[INFO] 15:40:23:821 imongo.c/(12140:12461): paquete->buffer->size 25 y 72526000
[INFO] 15:40:23:822 imongo.c/(12140:12461): Trip 0 termino CONSUMIR_OXIGENO
[INFO] 15:40:23:830 imongo.c/(12140:12461): paquete->buffer->size 25 y 72526000
[INFO] 15:40:24:840 imongo.c/(12140:12472): paquete->buffer->size 24 y 72552088
[INFO] 15:40:24:840 imongo.c/(12140:12472): Trip 4 termino GENERAR_OXIGENO
[INFO] 15:40:24:844 imongo.c/(12140:12472): paquete->buffer->size 24 y 72552088
[INFO] 15:40:40:852 imongo.c/(12140:12528): paquete->buffer->size 12 y 72572712
[INFO] 15:40:40:853 imongo.c/(12140:12528): Cantidad de Parametros 2
[INFO] 15:40:40:853 imongo.c/(12140:12528): Llego el tripulante 1
[INFO] 15:40:40:853 imongo.c/(12140:12528): Tripulante 1 consume 2 de Oxigeno
[INFO] 15:40:40:857 imongo.c/(12140:12523): paquete->buffer->size 20 y 72594904
[INFO] 15:40:40:858 imongo.c/(12140:12523): Tripulante 1 estaba en 2|3 y ahora esta en 14|16
[INFO] 15:40:40:859 imongo.c/(12140:12523): paquete->buffer->size 20 y 72594904
[INFO] 15:40:40:884 imongo.c/(12140:12528): Se guardo el MD5 bc7873a63c53ad31ad9569bf4a8b5051
[INFO] 15:40:40:884 imongo.c/(12140:12528): Se consumio 2 de Oxigeno
[INFO] 15:40:40:885 imongo.c/(12140:12528): paquete->buffer->size 12 y 72572712
[INFO] 15:40:43:849 imongo.c/(12140:12541): paquete->buffer->size 12 y 72679400
[INFO] 15:40:43:849 imongo.c/(12140:12541): Cantidad de Parametros 2
[INFO] 15:40:43:849 imongo.c/(12140:12541): Llego el tripulante 2
[INFO] 15:40:43:849 imongo.c/(12140:12541): Tripulante 2 consume 2 de Oxigeno
[INFO] 15:40:43:852 imongo.c/(12140:12536): paquete->buffer->size 20 y 72691400
[INFO] 15:40:43:852 imongo.c/(12140:12536): Tripulante 2 estaba en 2|3 y ahora esta en 14|16
[INFO] 15:40:43:856 imongo.c/(12140:12536): paquete->buffer->size 20 y 72691400
[INFO] 15:40:43:874 imongo.c/(12140:12541): Se guardo el MD5 c42de35fa5c091480d8880ef3c029f1d
[INFO] 15:40:43:875 imongo.c/(12140:12541): Se consumio 2 de Oxigeno
[INFO] 15:40:43:875 imongo.c/(12140:12541): paquete->buffer->size 12 y 72679400
[INFO] 15:40:45:854 imongo.c/(12140:12555): paquete->buffer->size 25 y 72785904
[INFO] 15:40:45:855 imongo.c/(12140:12555): Trip 1 termino CONSUMIR_OXIGENO
[INFO] 15:40:45:864 imongo.c/(12140:12555): paquete->buffer->size 25 y 72785904
[INFO] 15:40:48:852 imongo.c/(12140:12561): paquete->buffer->size 25 y 72811992
[INFO] 15:40:48:854 imongo.c/(12140:12561): Trip 2 termino CONSUMIR_OXIGENO
[INFO] 15:40:48:868 imongo.c/(12140:12561): paquete->buffer->size 25 y 72811992
[INFO] 15:41:05:880 imongo.c/(12140:12634): paquete->buffer->size 12 y 72838264
[INFO] 15:41:05:880 imongo.c/(12140:12634): Cantidad de Parametros 2
[INFO] 15:41:05:880 imongo.c/(12140:12634): Llego el tripulante 3
[INFO] 15:41:05:881 imongo.c/(12140:12634): Tripulante 3 consume 2 de Oxigeno
[INFO] 15:41:05:893 imongo.c/(12140:12628): paquete->buffer->size 20 y 72897992
[INFO] 15:41:05:894 imongo.c/(12140:12628): Tripulante 3 estaba en 2|3 y ahora esta en 14|16
[INFO] 15:41:05:895 imongo.c/(12140:12628): paquete->buffer->size 20 y 72897992
[INFO] 15:41:05:915 imongo.c/(12140:12634): Se guardo el MD5 ab1c3976e9e3b6469c0f3b803456abf9
[INFO] 15:41:05:917 imongo.c/(12140:12634): Se consumio 2 de Oxigeno
[INFO] 15:41:05:917 imongo.c/(12140:12634): paquete->buffer->size 12 y 72838264
[INFO] 15:41:08:879 imongo.c/(12140:12647): paquete->buffer->size 12 y 72944952
[INFO] 15:41:08:879 imongo.c/(12140:12647): Cantidad de Parametros 2
[INFO] 15:41:08:879 imongo.c/(12140:12647): Llego el tripulante 4
[INFO] 15:41:08:879 imongo.c/(12140:12647): Tripulante 4 consume 2 de Oxigeno
[INFO] 15:41:08:883 imongo.c/(12140:12644): paquete->buffer->size 20 y 72962304
[INFO] 15:41:08:884 imongo.c/(12140:12644): Tripulante 4 estaba en 2|3 y ahora esta en 14|16
[INFO] 15:41:08:887 imongo.c/(12140:12644): paquete->buffer->size 20 y 72962304
[INFO] 15:41:08:904 imongo.c/(12140:12647): Se guardo el MD5 d53dcfc4ecba28d269c0cf1ac53a83ec
[INFO] 15:41:08:905 imongo.c/(12140:12647): Se consumio 2 de Oxigeno
[INFO] 15:41:08:905 imongo.c/(12140:12647): paquete->buffer->size 12 y 72944952
[INFO] 15:41:10:884 imongo.c/(12140:12657): paquete->buffer->size 25 y 73051616
[INFO] 15:41:10:884 imongo.c/(12140:12657): Trip 3 termino CONSUMIR_OXIGENO
[INFO] 15:41:10:886 imongo.c/(12140:12657): paquete->buffer->size 25 y 73051616
[INFO] 15:41:13:884 imongo.c/(12140:12660): paquete->buffer->size 25 y 73077704
[INFO] 15:41:13:884 imongo.c/(12140:12660): Trip 4 termino CONSUMIR_OXIGENO
[INFO] 15:41:13:888 imongo.c/(12140:12660): paquete->buffer->size 25 y 73077704
