[INFO] 18:47:00:378 mi_ram.c/(12457:12459): dumpMemoria_27-07-21_18:47:00.dmp
[INFO] 18:47:00:378 mi_ram.c/(12457:12459): DUMP DE MEMORIA
[INFO] 18:47:00:378 mi_ram.c/(12457:12459): Segmentos ocupados
[INFO] 18:47:00:378 mi_ram.c/(12457:12459): Proceso:  0 ---- Segmento:  0 -- Inicio:   0 -- Tamanio:   8 

[INFO] 18:47:00:378 mi_ram.c/(12457:12459): Proceso:  0 ---- Segmento:  1 -- Inicio:   8 -- Tamanio: 100 

[INFO] 18:47:00:378 mi_ram.c/(12457:12459): Proceso:  0 ---- Segmento:  2 -- Inicio: 108 -- Tamanio:  21 

[INFO] 18:47:00:378 mi_ram.c/(12457:12459): Proceso:  0 ---- Segmento:  3 -- Inicio: 129 -- Tamanio:  21 

[INFO] 18:47:00:378 mi_ram.c/(12457:12459): Proceso:  0 ---- Segmento:  4 -- Inicio: 150 -- Tamanio:  21 

[INFO] 18:47:00:378 mi_ram.c/(12457:12459): Proceso:  0 ---- Segmento:  5 -- Inicio: 171 -- Tamanio:  21 

[INFO] 18:47:00:378 mi_ram.c/(12457:12459): Proceso:  1 ---- Segmento:  0 -- Inicio: 192 -- Tamanio:   8 

[INFO] 18:47:00:378 mi_ram.c/(12457:12459): Proceso:  1 ---- Segmento:  1 -- Inicio: 200 -- Tamanio:  10 

[INFO] 18:47:00:378 mi_ram.c/(12457:12459): Proceso:  1 ---- Segmento:  2 -- Inicio: 210 -- Tamanio:  21 

[INFO] 18:47:00:378 mi_ram.c/(12457:12459): Segmentos libres
[INFO] 18:47:00:378 mi_ram.c/(12457:12459): Segmento libre  0 -- Inicio: 231 -- Tamanio:  25

[INFO] 18:47:22:130 mi_ram.c/(12457:12459): dumpMemoria_27-07-21_18:47:22.dmp
[INFO] 18:47:22:130 mi_ram.c/(12457:12459): DUMP DE MEMORIA
[INFO] 18:47:22:130 mi_ram.c/(12457:12459): Segmentos ocupados
[INFO] 18:47:22:130 mi_ram.c/(12457:12459): Proceso:  0 ---- Segmento:  0 -- Inicio:   0 -- Tamanio:   8 

[INFO] 18:47:22:130 mi_ram.c/(12457:12459): Proceso:  0 ---- Segmento:  1 -- Inicio:   8 -- Tamanio: 100 

[INFO] 18:47:22:130 mi_ram.c/(12457:12459): Proceso:  0 ---- Segmento:  2 -- Inicio: 129 -- Tamanio:  21 

[INFO] 18:47:22:130 mi_ram.c/(12457:12459): Proceso:  0 ---- Segmento:  3 -- Inicio: 171 -- Tamanio:  21 

[INFO] 18:47:22:130 mi_ram.c/(12457:12459): Proceso:  1 ---- Segmento:  0 -- Inicio: 192 -- Tamanio:   8 

[INFO] 18:47:22:130 mi_ram.c/(12457:12459): Proceso:  1 ---- Segmento:  1 -- Inicio: 200 -- Tamanio:  10 

[INFO] 18:47:22:130 mi_ram.c/(12457:12459): Proceso:  1 ---- Segmento:  2 -- Inicio: 210 -- Tamanio:  21 

[INFO] 18:47:22:130 mi_ram.c/(12457:12459): Segmentos libres
[INFO] 18:47:22:130 mi_ram.c/(12457:12459): Segmento libre  0 -- Inicio: 108 -- Tamanio:  21

[INFO] 18:47:22:130 mi_ram.c/(12457:12459): Segmento libre  1 -- Inicio: 150 -- Tamanio:  21

[INFO] 18:47:22:130 mi_ram.c/(12457:12459): Segmento libre  2 -- Inicio: 231 -- Tamanio:  25

[INFO] 18:47:33:082 mi_ram.c/(12457:12459): dumpMemoria_27-07-21_18:47:33.dmp
[INFO] 18:47:33:082 mi_ram.c/(12457:12459): DUMP DE MEMORIA
[INFO] 18:47:33:082 mi_ram.c/(12457:12459): Segmentos ocupados
[INFO] 18:47:33:082 mi_ram.c/(12457:12459): Proceso:  0 ---- Segmento:  0 -- Inicio:   0 -- Tamanio:   8 

[INFO] 18:47:33:082 mi_ram.c/(12457:12459): Proceso:  0 ---- Segmento:  1 -- Inicio:   8 -- Tamanio: 100 

[INFO] 18:47:33:082 mi_ram.c/(12457:12459): Proceso:  0 ---- Segmento:  2 -- Inicio: 129 -- Tamanio:  21 

[INFO] 18:47:33:082 mi_ram.c/(12457:12459): Proceso:  0 ---- Segmento:  3 -- Inicio: 171 -- Tamanio:  21 

[INFO] 18:47:33:082 mi_ram.c/(12457:12459): Proceso:  1 ---- Segmento:  0 -- Inicio: 192 -- Tamanio:   8 

[INFO] 18:47:33:082 mi_ram.c/(12457:12459): Proceso:  1 ---- Segmento:  1 -- Inicio: 200 -- Tamanio:  10 

[INFO] 18:47:33:082 mi_ram.c/(12457:12459): Proceso:  1 ---- Segmento:  2 -- Inicio: 210 -- Tamanio:  21 

[INFO] 18:47:33:082 mi_ram.c/(12457:12459): Segmentos libres
[INFO] 18:47:33:082 mi_ram.c/(12457:12459): Segmento libre  0 -- Inicio: 108 -- Tamanio:  21

[INFO] 18:47:33:082 mi_ram.c/(12457:12459): Segmento libre  1 -- Inicio: 150 -- Tamanio:  21

[INFO] 18:47:33:082 mi_ram.c/(12457:12459): Segmento libre  2 -- Inicio: 231 -- Tamanio:  25

[INFO] 18:52:05:529 mi_ram.c/(13008:13010): dumpMemoria_27-07-21_18:52:05.dmp
[INFO] 18:52:05:529 mi_ram.c/(13008:13010): DUMP DE MEMORIA
[INFO] 18:52:05:529 mi_ram.c/(13008:13010): Segmentos ocupados
[INFO] 18:52:05:529 mi_ram.c/(13008:13010): Proceso:  0 ---- Segmento:  0 -- Inicio:   0 -- Tamanio:   8 

[INFO] 18:52:05:529 mi_ram.c/(13008:13010): Proceso:  0 ---- Segmento:  1 -- Inicio:   8 -- Tamanio: 100 

[INFO] 18:52:05:529 mi_ram.c/(13008:13010): Proceso:  0 ---- Segmento:  2 -- Inicio: 108 -- Tamanio:  21 

[INFO] 18:52:05:529 mi_ram.c/(13008:13010): Proceso:  0 ---- Segmento:  3 -- Inicio: 129 -- Tamanio:  21 

[INFO] 18:52:05:529 mi_ram.c/(13008:13010): Proceso:  0 ---- Segmento:  4 -- Inicio: 150 -- Tamanio:  21 

[INFO] 18:52:05:529 mi_ram.c/(13008:13010): Proceso:  0 ---- Segmento:  5 -- Inicio: 171 -- Tamanio:  21 

[INFO] 18:52:05:529 mi_ram.c/(13008:13010): Proceso:  1 ---- Segmento:  0 -- Inicio: 192 -- Tamanio:   8 

[INFO] 18:52:05:529 mi_ram.c/(13008:13010): Proceso:  1 ---- Segmento:  1 -- Inicio: 200 -- Tamanio:  10 

[INFO] 18:52:05:529 mi_ram.c/(13008:13010): Proceso:  1 ---- Segmento:  2 -- Inicio: 210 -- Tamanio:  21 

[INFO] 18:52:05:529 mi_ram.c/(13008:13010): Segmentos libres
[INFO] 18:52:05:529 mi_ram.c/(13008:13010): Segmento libre  0 -- Inicio: 231 -- Tamanio:  25

[INFO] 18:52:54:898 mi_ram.c/(13008:13010): dumpMemoria_27-07-21_18:52:54.dmp
[INFO] 18:52:54:898 mi_ram.c/(13008:13010): DUMP DE MEMORIA
[INFO] 18:52:54:898 mi_ram.c/(13008:13010): Segmentos ocupados
[INFO] 18:52:54:898 mi_ram.c/(13008:13010): Proceso:  0 ---- Segmento:  0 -- Inicio:   0 -- Tamanio:   8 

[INFO] 18:52:54:898 mi_ram.c/(13008:13010): Proceso:  0 ---- Segmento:  1 -- Inicio:   8 -- Tamanio: 100 

[INFO] 18:52:54:898 mi_ram.c/(13008:13010): Proceso:  0 ---- Segmento:  2 -- Inicio: 129 -- Tamanio:  21 

[INFO] 18:52:54:898 mi_ram.c/(13008:13010): Proceso:  0 ---- Segmento:  3 -- Inicio: 171 -- Tamanio:  21 

[INFO] 18:52:54:898 mi_ram.c/(13008:13010): Segmentos libres
[INFO] 18:52:54:898 mi_ram.c/(13008:13010): Segmento libre  0 -- Inicio: 108 -- Tamanio:  21

[INFO] 18:52:54:898 mi_ram.c/(13008:13010): Segmento libre  1 -- Inicio: 150 -- Tamanio:  21

[INFO] 18:52:54:898 mi_ram.c/(13008:13010): Segmento libre  2 -- Inicio: 192 -- Tamanio:   8

[INFO] 18:52:54:898 mi_ram.c/(13008:13010): Segmento libre  3 -- Inicio: 200 -- Tamanio:  10

[INFO] 18:52:54:898 mi_ram.c/(13008:13010): Segmento libre  4 -- Inicio: 210 -- Tamanio:  21

[INFO] 18:52:54:898 mi_ram.c/(13008:13010): Segmento libre  5 -- Inicio: 231 -- Tamanio:  25

[INFO] 18:53:07:676 mi_ram.c/(13008:13010): dumpMemoria_27-07-21_18:53:07.dmp
[INFO] 18:53:07:676 mi_ram.c/(13008:13010): DUMP DE MEMORIA
[INFO] 18:53:07:676 mi_ram.c/(13008:13010): Segmentos ocupados
[INFO] 18:53:07:676 mi_ram.c/(13008:13010): Proceso:  0 ---- Segmento:  0 -- Inicio:   0 -- Tamanio:   8 

[INFO] 18:53:07:676 mi_ram.c/(13008:13010): Proceso:  0 ---- Segmento:  1 -- Inicio:   8 -- Tamanio: 100 

[INFO] 18:53:07:676 mi_ram.c/(13008:13010): Proceso:  0 ---- Segmento:  2 -- Inicio: 116 -- Tamanio:  21 

[INFO] 18:53:07:676 mi_ram.c/(13008:13010): Proceso:  0 ---- Segmento:  3 -- Inicio: 137 -- Tamanio:  21 

[INFO] 18:53:07:676 mi_ram.c/(13008:13010): Proceso:  2 ---- Segmento:  0 -- Inicio: 108 -- Tamanio:   8 

[INFO] 18:53:07:676 mi_ram.c/(13008:13010): Proceso:  2 ---- Segmento:  1 -- Inicio: 158 -- Tamanio:  30 

[INFO] 18:53:07:676 mi_ram.c/(13008:13010): Proceso:  2 ---- Segmento:  2 -- Inicio: 188 -- Tamanio:  21 

[INFO] 18:53:07:676 mi_ram.c/(13008:13010): Proceso:  2 ---- Segmento:  3 -- Inicio: 209 -- Tamanio:  21 

[INFO] 18:53:07:676 mi_ram.c/(13008:13010): Segmentos libres
[INFO] 18:53:07:676 mi_ram.c/(13008:13010): Segmento libre  0 -- Inicio: 230 -- Tamanio:  26

[INFO] 18:53:38:507 mi_ram.c/(13008:13371): dumpMemoria_27-07-21_18:53:38.dmp
[INFO] 18:53:38:507 mi_ram.c/(13008:13371): DUMP DE MEMORIA
[INFO] 18:53:38:507 mi_ram.c/(13008:13371): Segmentos ocupados
[INFO] 18:53:38:507 mi_ram.c/(13008:13371): Proceso:  0 ---- Segmento:  0 -- Inicio:   0 -- Tamanio:   8 

[INFO] 18:53:38:507 mi_ram.c/(13008:13371): Proceso:  0 ---- Segmento:  1 -- Inicio:   8 -- Tamanio: 100 

[INFO] 18:53:38:507 mi_ram.c/(13008:13371): Proceso:  0 ---- Segmento:  2 -- Inicio: 116 -- Tamanio:  21 

[INFO] 18:53:38:507 mi_ram.c/(13008:13371): Proceso:  0 ---- Segmento:  3 -- Inicio: 137 -- Tamanio:  21 

[INFO] 18:53:38:507 mi_ram.c/(13008:13371): Proceso:  2 ---- Segmento:  0 -- Inicio: 108 -- Tamanio:   8 

[INFO] 18:53:38:507 mi_ram.c/(13008:13371): Proceso:  2 ---- Segmento:  1 -- Inicio: 158 -- Tamanio:  30 

[INFO] 18:53:38:507 mi_ram.c/(13008:13371): Proceso:  2 ---- Segmento:  2 -- Inicio: 188 -- Tamanio:  21 

[INFO] 18:53:38:507 mi_ram.c/(13008:13371): Proceso:  2 ---- Segmento:  3 -- Inicio: 209 -- Tamanio:  21 

[INFO] 18:53:38:507 mi_ram.c/(13008:13371): Segmentos libres
[INFO] 18:53:38:507 mi_ram.c/(13008:13371): Segmento libre  0 -- Inicio: 230 -- Tamanio:  26

[INFO] 19:10:06:232 mi_ram.c/(15454:15657): dumpMemoria_27-07-21_19:10:06.dmp
[INFO] 19:10:06:232 mi_ram.c/(15454:15657): DUMP DE MEMORIA
[INFO] 19:10:06:232 mi_ram.c/(15454:15657): Segmentos ocupados
[INFO] 19:14:45:375 mi_ram.c/(16364:16364): dumpMemoria_27-07-21_19:14:45.dmp
[INFO] 19:14:45:375 mi_ram.c/(16364:16364): DUMP DE MEMORIA
[INFO] 19:14:45:375 mi_ram.c/(16364:16364): Segmentos ocupados
[INFO] 19:14:45:375 mi_ram.c/(16364:16364): No hay segmentos ocupados
[INFO] 19:14:45:375 mi_ram.c/(16364:16364): Segmentos libres
[INFO] 19:14:45:375 mi_ram.c/(16364:16364): Segmento libre  0 -- Inicio:   0 -- Tamanio:   8

[INFO] 19:14:45:375 mi_ram.c/(16364:16364): Segmento libre  1 -- Inicio:   8 -- Tamanio: 100

[INFO] 19:14:45:375 mi_ram.c/(16364:16364): Segmento libre  2 -- Inicio: 108 -- Tamanio:  21

[INFO] 19:14:45:375 mi_ram.c/(16364:16364): Segmento libre  3 -- Inicio: 129 -- Tamanio:  21

[INFO] 19:14:45:375 mi_ram.c/(16364:16364): Segmento libre  4 -- Inicio: 150 -- Tamanio:  21

[INFO] 19:14:45:375 mi_ram.c/(16364:16364): Segmento libre  5 -- Inicio: 171 -- Tamanio:  21

[INFO] 19:14:45:375 mi_ram.c/(16364:16364): Segmento libre  6 -- Inicio: 192 -- Tamanio:  64

[INFO] 19:15:02:493 mi_ram.c/(16364:16364): dumpMemoria_27-07-21_19:15:02.dmp
[INFO] 19:15:02:493 mi_ram.c/(16364:16364): DUMP DE MEMORIA
[INFO] 19:15:02:493 mi_ram.c/(16364:16364): Segmentos ocupados
[INFO] 19:15:02:493 mi_ram.c/(16364:16364): Segmentos libres
[INFO] 19:15:02:493 mi_ram.c/(16364:16364): No hay segmentos libres
[INFO] 19:26:45:032 mi_ram.c/(17581:17581): dumpMemoria_27-07-21_19:26:45.dmp
[INFO] 19:26:45:032 mi_ram.c/(17581:17581): DUMP DE MEMORIA
[INFO] 19:26:45:032 mi_ram.c/(17581:17581): Segmentos ocupados
[INFO] 19:26:45:032 mi_ram.c/(17581:17581): Proceso:  0 ---- Segmento:  0 -- Inicio:   0 -- Tamanio:   8 

[INFO] 19:26:45:032 mi_ram.c/(17581:17581): Proceso:  0 ---- Segmento:  1 -- Inicio:   8 -- Tamanio: 100 

[INFO] 19:26:45:032 mi_ram.c/(17581:17581): Proceso:  0 ---- Segmento:  2 -- Inicio: 108 -- Tamanio:  21 

[INFO] 19:26:45:032 mi_ram.c/(17581:17581): Proceso:  0 ---- Segmento:  3 -- Inicio: 129 -- Tamanio:  21 

[INFO] 19:26:45:032 mi_ram.c/(17581:17581): Proceso:  0 ---- Segmento:  4 -- Inicio: 150 -- Tamanio:  21 

[INFO] 19:26:45:032 mi_ram.c/(17581:17581): Proceso:  0 ---- Segmento:  5 -- Inicio: 171 -- Tamanio:  21 

[INFO] 19:26:45:032 mi_ram.c/(17581:17581): Proceso:  1 ---- Segmento:  0 -- Inicio: 192 -- Tamanio:   8 

[INFO] 19:26:45:032 mi_ram.c/(17581:17581): Proceso:  1 ---- Segmento:  1 -- Inicio: 200 -- Tamanio:  10 

[INFO] 19:26:45:032 mi_ram.c/(17581:17581): Proceso:  1 ---- Segmento:  2 -- Inicio: 210 -- Tamanio:  21 

[INFO] 19:26:45:032 mi_ram.c/(17581:17581): Segmentos libres
[INFO] 19:26:45:033 mi_ram.c/(17581:17581): Segmento libre  0 -- Inicio: 231 -- Tamanio:  25

[INFO] 19:27:43:959 mi_ram.c/(17581:17583): dumpMemoria_27-07-21_19:27:43.dmp
[INFO] 19:27:43:959 mi_ram.c/(17581:17583): DUMP DE MEMORIA
[INFO] 19:27:43:959 mi_ram.c/(17581:17583): Segmentos ocupados
[INFO] 19:27:43:959 mi_ram.c/(17581:17583): Proceso:  0 ---- Segmento:  0 -- Inicio:   0 -- Tamanio:   8 

[INFO] 19:27:43:959 mi_ram.c/(17581:17583): Proceso:  0 ---- Segmento:  1 -- Inicio:   8 -- Tamanio: 100 

[INFO] 19:27:43:959 mi_ram.c/(17581:17583): Proceso:  0 ---- Segmento:  2 -- Inicio: 116 -- Tamanio:  21 

[INFO] 19:27:43:959 mi_ram.c/(17581:17583): Proceso:  0 ---- Segmento:  3 -- Inicio: 137 -- Tamanio:  21 

[INFO] 19:27:43:959 mi_ram.c/(17581:17583): Proceso:  2 ---- Segmento:  0 -- Inicio: 108 -- Tamanio:   8 

[INFO] 19:27:43:959 mi_ram.c/(17581:17583): Proceso:  2 ---- Segmento:  1 -- Inicio: 158 -- Tamanio:  30 

[INFO] 19:27:43:959 mi_ram.c/(17581:17583): Proceso:  2 ---- Segmento:  2 -- Inicio: 188 -- Tamanio:  21 

[INFO] 19:27:43:959 mi_ram.c/(17581:17583): Proceso:  2 ---- Segmento:  3 -- Inicio: 209 -- Tamanio:  21 

[INFO] 19:34:27:556 mi_ram.c/(18397:18398): dumpMemoria_27-07-21_19:34:27.dmp
[INFO] 19:34:27:563 mi_ram.c/(18397:18398): DUMP DE MEMORIA
[INFO] 19:34:27:563 mi_ram.c/(18397:18398): Segmentos ocupados
[INFO] 19:34:27:566 mi_ram.c/(18397:18398): Proceso:  0 ---- Segmento:  0 -- Inicio:   0 -- Tamanio:   8 

[INFO] 19:34:27:566 mi_ram.c/(18397:18398): Proceso:  0 ---- Segmento:  1 -- Inicio:   8 -- Tamanio: 100 

[INFO] 19:34:27:566 mi_ram.c/(18397:18398): Proceso:  0 ---- Segmento:  2 -- Inicio: 108 -- Tamanio:  21 

[INFO] 19:34:27:566 mi_ram.c/(18397:18398): Proceso:  0 ---- Segmento:  3 -- Inicio: 129 -- Tamanio:  21 

[INFO] 19:34:27:567 mi_ram.c/(18397:18398): Proceso:  0 ---- Segmento:  4 -- Inicio: 150 -- Tamanio:  21 

[INFO] 19:34:27:567 mi_ram.c/(18397:18398): Proceso:  0 ---- Segmento:  5 -- Inicio: 171 -- Tamanio:  21 

[INFO] 19:34:27:567 mi_ram.c/(18397:18398): Proceso:  1 ---- Segmento:  0 -- Inicio: 192 -- Tamanio:   8 

[INFO] 19:34:27:567 mi_ram.c/(18397:18398): Proceso:  1 ---- Segmento:  1 -- Inicio: 200 -- Tamanio:  10 

[INFO] 19:34:27:567 mi_ram.c/(18397:18398): Proceso:  1 ---- Segmento:  2 -- Inicio: 210 -- Tamanio:  21 

[INFO] 19:34:27:568 mi_ram.c/(18397:18398): Segmentos libres
[INFO] 19:34:27:570 mi_ram.c/(18397:18398): Segmento libre  0 -- Inicio: 231 -- Tamanio:  25

[INFO] 19:34:53:562 mi_ram.c/(18397:18398): dumpMemoria_27-07-21_19:34:53.dmp
[INFO] 19:34:53:562 mi_ram.c/(18397:18398): DUMP DE MEMORIA
[INFO] 19:34:53:562 mi_ram.c/(18397:18398): Segmentos ocupados
[INFO] 19:34:53:563 mi_ram.c/(18397:18398): Proceso:  0 ---- Segmento:  0 -- Inicio:   0 -- Tamanio:   8 

[INFO] 19:34:53:563 mi_ram.c/(18397:18398): Proceso:  0 ---- Segmento:  1 -- Inicio:   8 -- Tamanio: 100 

[INFO] 19:34:53:563 mi_ram.c/(18397:18398): Proceso:  0 ---- Segmento:  2 -- Inicio: 116 -- Tamanio:  21 

[INFO] 19:34:53:563 mi_ram.c/(18397:18398): Proceso:  0 ---- Segmento:  3 -- Inicio: 137 -- Tamanio:  21 

[INFO] 19:34:53:563 mi_ram.c/(18397:18398): Proceso:  2 ---- Segmento:  0 -- Inicio: 108 -- Tamanio:   8 

[INFO] 19:34:53:564 mi_ram.c/(18397:18398): Proceso:  2 ---- Segmento:  1 -- Inicio: 158 -- Tamanio:  30 

[INFO] 19:34:53:564 mi_ram.c/(18397:18398): Proceso:  2 ---- Segmento:  2 -- Inicio: 188 -- Tamanio:  21 

[INFO] 19:34:53:564 mi_ram.c/(18397:18398): Proceso:  2 ---- Segmento:  3 -- Inicio: 209 -- Tamanio:  21 

[INFO] 19:34:53:564 mi_ram.c/(18397:18398): Segmentos libres
[INFO] 19:34:53:565 mi_ram.c/(18397:18398): Segmento libre  0 -- Inicio: 230 -- Tamanio:  26

[INFO] 19:36:52:149 mi_ram.c/(18397:18613): dumpMemoria_27-07-21_19:36:52.dmp
[INFO] 19:36:52:149 mi_ram.c/(18397:18613): DUMP DE MEMORIA
[INFO] 19:36:52:149 mi_ram.c/(18397:18613): Segmentos ocupados
[INFO] 19:36:52:150 mi_ram.c/(18397:18613): No hay segmentos ocupados
[INFO] 19:36:52:150 mi_ram.c/(18397:18613): Segmentos libres
[INFO] 19:36:52:151 mi_ram.c/(18397:18613): Segmento libre  0 -- Inicio:   0 -- Tamanio:   8

[INFO] 19:36:52:151 mi_ram.c/(18397:18613): Segmento libre  1 -- Inicio:   8 -- Tamanio: 100

[INFO] 19:36:52:151 mi_ram.c/(18397:18613): Segmento libre  2 -- Inicio: 108 -- Tamanio:   8

[INFO] 19:36:52:151 mi_ram.c/(18397:18613): Segmento libre  3 -- Inicio: 116 -- Tamanio:  21

[INFO] 19:36:52:151 mi_ram.c/(18397:18613): Segmento libre  4 -- Inicio: 137 -- Tamanio:  21

[INFO] 19:36:52:151 mi_ram.c/(18397:18613): Segmento libre  5 -- Inicio: 158 -- Tamanio:  30

[INFO] 19:36:52:154 mi_ram.c/(18397:18613): Segmento libre  6 -- Inicio: 188 -- Tamanio:  21

[INFO] 19:36:52:154 mi_ram.c/(18397:18613): Segmento libre  7 -- Inicio: 209 -- Tamanio:  21

[INFO] 19:36:52:154 mi_ram.c/(18397:18613): Segmento libre  8 -- Inicio: 230 -- Tamanio:  26

[INFO] 19:37:10:194 mi_ram.c/(18397:18612): dumpMemoria_27-07-21_19:37:10.dmp
[INFO] 19:37:10:194 mi_ram.c/(18397:18612): DUMP DE MEMORIA
[INFO] 19:37:10:194 mi_ram.c/(18397:18612): Segmentos ocupados
[INFO] 19:37:10:195 mi_ram.c/(18397:18612): No hay segmentos ocupados
[INFO] 19:37:10:195 mi_ram.c/(18397:18612): Segmentos libres
[INFO] 19:37:10:195 mi_ram.c/(18397:18612): Segmento libre  0 -- Inicio:   0 -- Tamanio: 256

