[INFO] 16:56:54:971 mi_ram.c/(16949:16996): INgrese a buscarEspacioNecesario
[INFO] 16:56:54:971 mi_ram.c/(16949:16996): Antes del mutex
[INFO] 16:56:54:971 mi_ram.c/(16949:16996): no apunta a nulo la tabla global
[INFO] 16:56:54:971 mi_ram.c/(16949:16996): Tamanio tabla global :1
[INFO] 16:56:54:972 mi_ram.c/(16949:16996): Ingrese a best fit
[INFO] 16:56:54:972 mi_ram.c/(16949:16996): Segmento libre que empieza en: 0 y tiene un tamanio de: 16384
[INFO] 16:56:54:972 mi_ram.c/(16949:16996): El segmento elegido empieza en: 0 y tiene un tamanio de: 16384
[INFO] 16:56:54:972 mi_ram.c/(16949:16996): Ingrese a best fit
[INFO] 16:56:54:972 mi_ram.c/(16949:16996): Segmento libre que empieza en: 8 y tiene un tamanio de: 16376
[INFO] 16:56:54:972 mi_ram.c/(16949:16996): El segmento elegido empieza en: 8 y tiene un tamanio de: 16376
[INFO] 16:56:54:972 mi_ram.c/(16949:16996): Ingrese a best fit
[INFO] 16:56:54:972 mi_ram.c/(16949:16996): Segmento libre que empieza en: 168 y tiene un tamanio de: 16216
[INFO] 16:56:54:972 mi_ram.c/(16949:16996): El segmento elegido empieza en: 168 y tiene un tamanio de: 16216
[INFO] 16:56:54:973 mi_ram.c/(16949:16996): Ingrese a best fit
[INFO] 16:56:54:973 mi_ram.c/(16949:16996): Segmento libre que empieza en: 189 y tiene un tamanio de: 16195
[INFO] 16:56:54:973 mi_ram.c/(16949:16996): El segmento elegido empieza en: 189 y tiene un tamanio de: 16195
[INFO] 16:56:54:973 mi_ram.c/(16949:16996): Ingrese a best fit
[INFO] 16:56:54:973 mi_ram.c/(16949:16996): Segmento libre que empieza en: 210 y tiene un tamanio de: 16174
[INFO] 16:56:54:973 mi_ram.c/(16949:16996): El segmento elegido empieza en: 210 y tiene un tamanio de: 16174
[INFO] 16:56:54:974 mi_ram.c/(16949:16996): Ingrese a best fit
[INFO] 16:56:54:974 mi_ram.c/(16949:16996): Segmento libre que empieza en: 231 y tiene un tamanio de: 16153
[INFO] 16:56:54:974 mi_ram.c/(16949:16996): El segmento elegido empieza en: 231 y tiene un tamanio de: 16153
[INFO] 16:57:12:160 mi_ram.c/(16949:17057): Entre a eliminar tripulante segmentacion PID: 0 TID: 2
[INFO] 16:57:12:160 mi_ram.c/(16949:17057): Tamanio de la lista referencias: 1
[INFO] 16:57:12:160 mi_ram.c/(16949:17057): La referencia a la patota no es nula
[INFO] 16:57:12:160 mi_ram.c/(16949:17057): Encontre el segmento del tripulante a eliminar. Base: 210, tamanio: 21
[INFO] 16:57:12:160 mi_ram.c/(16949:17057): Tamanio de la tabla de la patota 0 antes del remove: 6
[INFO] 16:57:12:160 mi_ram.c/(16949:17057): Tamanio de la tabla de la patota 0 despues del remove: 5
[INFO] 16:57:12:160 mi_ram.c/(16949:17057): Entre a es el ultimo tripulante
[INFO] 16:57:12:160 mi_ram.c/(16949:17058): Entre a eliminar tripulante segmentacion PID: 0 TID: 2
[INFO] 16:57:12:160 mi_ram.c/(16949:17058): Tamanio de la lista referencias: 1
[INFO] 16:57:12:160 mi_ram.c/(16949:17058): La referencia a la patota no es nula
[INFO] 16:57:12:160 mi_ram.c/(16949:17058): El segmento tripulante es nulo
[INFO] 16:57:12:161 mi_ram.c/(16949:17059): Entre a eliminar tripulante segmentacion PID: 0 TID: 2
[INFO] 16:57:12:161 mi_ram.c/(16949:17059): Tamanio de la lista referencias: 1
[INFO] 16:57:12:161 mi_ram.c/(16949:17059): La referencia a la patota no es nula
[INFO] 16:57:12:161 mi_ram.c/(16949:17059): El segmento tripulante es nulo
[INFO] 16:57:14:680 mi_ram.c/(16949:17071): INgrese a buscarEspacioNecesario
[INFO] 16:57:14:680 mi_ram.c/(16949:17071): Antes del mutex
[INFO] 16:57:14:680 mi_ram.c/(16949:17071): no apunta a nulo la tabla global
[INFO] 16:57:14:680 mi_ram.c/(16949:17071): Tamanio tabla global :7
[INFO] 16:57:14:680 mi_ram.c/(16949:17071): Ingrese a best fit
[INFO] 16:57:14:680 mi_ram.c/(16949:17071): Segmento libre que empieza en: 210 y tiene un tamanio de: 21
[INFO] 16:57:14:680 mi_ram.c/(16949:17071): Segmento libre que empieza en: 252 y tiene un tamanio de: 16132
[INFO] 16:57:14:680 mi_ram.c/(16949:17071): El segmento elegido empieza en: 210 y tiene un tamanio de: 21
[INFO] 16:57:14:680 mi_ram.c/(16949:17071): Ingrese a best fit
[INFO] 16:57:14:680 mi_ram.c/(16949:17071): Segmento libre que empieza en: 252 y tiene un tamanio de: 16132
[INFO] 16:57:14:680 mi_ram.c/(16949:17071): Segmento libre que empieza en: 218 y tiene un tamanio de: 13
[INFO] 16:57:14:681 mi_ram.c/(16949:17071): El segmento elegido empieza en: 252 y tiene un tamanio de: 16132
[INFO] 16:57:14:681 mi_ram.c/(16949:17071): Ingrese a best fit
[INFO] 16:57:14:681 mi_ram.c/(16949:17071): Segmento libre que empieza en: 218 y tiene un tamanio de: 13
[INFO] 16:57:14:681 mi_ram.c/(16949:17071): Segmento libre que empieza en: 412 y tiene un tamanio de: 15972
[INFO] 16:57:14:681 mi_ram.c/(16949:17071): El segmento elegido empieza en: 412 y tiene un tamanio de: 15972
[INFO] 16:57:14:681 mi_ram.c/(16949:17071): Ingrese a best fit
[INFO] 16:57:14:681 mi_ram.c/(16949:17071): Segmento libre que empieza en: 218 y tiene un tamanio de: 13
[INFO] 16:57:14:681 mi_ram.c/(16949:17071): Segmento libre que empieza en: 433 y tiene un tamanio de: 15951
[INFO] 16:57:14:681 mi_ram.c/(16949:17071): El segmento elegido empieza en: 433 y tiene un tamanio de: 15951
[INFO] 16:57:14:681 mi_ram.c/(16949:17071): Ingrese a best fit
[INFO] 16:57:14:681 mi_ram.c/(16949:17071): Segmento libre que empieza en: 218 y tiene un tamanio de: 13
[INFO] 16:57:14:681 mi_ram.c/(16949:17071): Segmento libre que empieza en: 454 y tiene un tamanio de: 15930
[INFO] 16:57:14:681 mi_ram.c/(16949:17071): El segmento elegido empieza en: 454 y tiene un tamanio de: 15930
[INFO] 16:57:14:681 mi_ram.c/(16949:17071): Ingrese a best fit
[INFO] 16:57:14:681 mi_ram.c/(16949:17071): Segmento libre que empieza en: 218 y tiene un tamanio de: 13
[INFO] 16:57:14:681 mi_ram.c/(16949:17071): Segmento libre que empieza en: 475 y tiene un tamanio de: 15909
[INFO] 16:57:14:681 mi_ram.c/(16949:17071): El segmento elegido empieza en: 475 y tiene un tamanio de: 15909
[INFO] 16:58:38:194 mi_ram.c/(16949:17616): Entre a eliminar tripulante segmentacion PID: 0 TID: 1
[INFO] 16:58:38:194 mi_ram.c/(16949:17616): Tamanio de la lista referencias: 2
[INFO] 16:58:38:194 mi_ram.c/(16949:17616): La referencia a la patota no es nula
[INFO] 16:58:38:194 mi_ram.c/(16949:17616): Encontre el segmento del tripulante a eliminar. Base: 189, tamanio: 21
[INFO] 16:58:38:194 mi_ram.c/(16949:17616): Tamanio de la tabla de la patota 0 antes del remove: 5
[INFO] 16:58:38:194 mi_ram.c/(16949:17616): Tamanio de la tabla de la patota 0 despues del remove: 4
[INFO] 16:58:38:194 mi_ram.c/(16949:17616): Entre a es el ultimo tripulante
[INFO] 16:59:00:200 mi_ram.c/(16949:17727): Entre a eliminar tripulante segmentacion PID: 0 TID: 0
[INFO] 16:59:00:200 mi_ram.c/(16949:17727): Tamanio de la lista referencias: 2
[INFO] 16:59:00:200 mi_ram.c/(16949:17727): La referencia a la patota no es nula
[INFO] 16:59:00:200 mi_ram.c/(16949:17727): Encontre el segmento del tripulante a eliminar. Base: 168, tamanio: 21
[INFO] 16:59:00:200 mi_ram.c/(16949:17727): Tamanio de la tabla de la patota 0 antes del remove: 4
[INFO] 16:59:00:200 mi_ram.c/(16949:17727): Tamanio de la tabla de la patota 0 despues del remove: 3
[INFO] 16:59:00:200 mi_ram.c/(16949:17727): Entre a es el ultimo tripulante
[INFO] 16:59:03:201 mi_ram.c/(16949:17740): Entre a eliminar tripulante segmentacion PID: 0 TID: 3
[INFO] 16:59:03:201 mi_ram.c/(16949:17740): Tamanio de la lista referencias: 2
[INFO] 16:59:03:201 mi_ram.c/(16949:17740): La referencia a la patota no es nula
[INFO] 16:59:03:201 mi_ram.c/(16949:17740): Encontre el segmento del tripulante a eliminar. Base: 231, tamanio: 21
[INFO] 16:59:03:201 mi_ram.c/(16949:17740): Tamanio de la tabla de la patota 0 antes del remove: 3
[INFO] 16:59:03:201 mi_ram.c/(16949:17740): Tamanio de la tabla de la patota 0 despues del remove: 2
[INFO] 16:59:03:201 mi_ram.c/(16949:17740): Entre a es el ultimo tripulante
[INFO] 16:59:10:203 mi_ram.c/(16949:17765): Entre a eliminar tripulante segmentacion PID: 1 TID: 4
[INFO] 16:59:10:203 mi_ram.c/(16949:17765): Tamanio de la lista referencias: 1
[INFO] 16:59:10:203 mi_ram.c/(16949:17765): La referencia a la patota no es nula
[INFO] 16:59:10:203 mi_ram.c/(16949:17765): Encontre el segmento del tripulante a eliminar. Base: 412, tamanio: 21
[INFO] 16:59:10:203 mi_ram.c/(16949:17765): Tamanio de la tabla de la patota 1 antes del remove: 6
[INFO] 16:59:10:203 mi_ram.c/(16949:17765): Tamanio de la tabla de la patota 1 despues del remove: 5
[INFO] 16:59:10:203 mi_ram.c/(16949:17765): Entre a es el ultimo tripulante
[INFO] 16:59:13:205 mi_ram.c/(16949:17779): Entre a eliminar tripulante segmentacion PID: 1 TID: 5
[INFO] 16:59:13:205 mi_ram.c/(16949:17779): Tamanio de la lista referencias: 1
[INFO] 16:59:13:205 mi_ram.c/(16949:17779): La referencia a la patota no es nula
[INFO] 16:59:13:205 mi_ram.c/(16949:17779): Encontre el segmento del tripulante a eliminar. Base: 433, tamanio: 21
[INFO] 16:59:13:205 mi_ram.c/(16949:17779): Tamanio de la tabla de la patota 1 antes del remove: 5
[INFO] 16:59:13:205 mi_ram.c/(16949:17779): Tamanio de la tabla de la patota 1 despues del remove: 4
[INFO] 16:59:13:205 mi_ram.c/(16949:17779): Entre a es el ultimo tripulante
[INFO] 16:59:15:205 mi_ram.c/(16949:17786): Entre a eliminar tripulante segmentacion PID: 1 TID: 7
[INFO] 16:59:15:205 mi_ram.c/(16949:17786): Tamanio de la lista referencias: 1
[INFO] 16:59:15:205 mi_ram.c/(16949:17786): La referencia a la patota no es nula
[INFO] 16:59:15:205 mi_ram.c/(16949:17786): Encontre el segmento del tripulante a eliminar. Base: 475, tamanio: 21
[INFO] 16:59:15:205 mi_ram.c/(16949:17786): Tamanio de la tabla de la patota 1 antes del remove: 4
[INFO] 16:59:15:205 mi_ram.c/(16949:17786): Tamanio de la tabla de la patota 1 despues del remove: 3
[INFO] 16:59:15:205 mi_ram.c/(16949:17786): Entre a es el ultimo tripulante
[INFO] 16:59:18:208 mi_ram.c/(16949:17795): Entre a eliminar tripulante segmentacion PID: 1 TID: 6
[INFO] 16:59:18:208 mi_ram.c/(16949:17795): Tamanio de la lista referencias: 1
[INFO] 16:59:18:208 mi_ram.c/(16949:17795): La referencia a la patota no es nula
[INFO] 16:59:18:208 mi_ram.c/(16949:17795): Encontre el segmento del tripulante a eliminar. Base: 454, tamanio: 21
[INFO] 16:59:18:208 mi_ram.c/(16949:17795): Tamanio de la tabla de la patota 1 antes del remove: 3
[INFO] 16:59:18:208 mi_ram.c/(16949:17795): Tamanio de la tabla de la patota 1 despues del remove: 2
[INFO] 16:59:18:208 mi_ram.c/(16949:17795): Entre a es el ultimo tripulante
[INFO] 19:10:13:495 mi_ram.c/(21430:21490): INgrese a buscarEspacioNecesario
[INFO] 19:10:13:496 mi_ram.c/(21430:21490): Antes del mutex
[INFO] 19:10:13:496 mi_ram.c/(21430:21490): no apunta a nulo la tabla global
[INFO] 19:10:13:496 mi_ram.c/(21430:21490): Tamanio tabla global :1
[INFO] 19:10:13:496 mi_ram.c/(21430:21490): Ingrese a first fit
[INFO] 19:10:13:496 mi_ram.c/(21430:21490): Entre al mutex first fit
[INFO] 19:10:13:496 mi_ram.c/(21430:21490): Despues del sort
[INFO] 19:10:13:496 mi_ram.c/(21430:21490): El tamanio de segmentosLibres: 1
[INFO] 19:10:13:496 mi_ram.c/(21430:21490): Segmento libre que empieza en: 0 y tiene un tamanio de: 16384
[INFO] 19:10:13:496 mi_ram.c/(21430:21490): El segmento elegido empieza en: 0 y tiene un tamanio de: 16384
[INFO] 19:10:13:496 mi_ram.c/(21430:21490): Ingrese a first fit
[INFO] 19:10:13:496 mi_ram.c/(21430:21490): Entre al mutex first fit
[INFO] 19:10:13:496 mi_ram.c/(21430:21490): Despues del sort
[INFO] 19:10:13:496 mi_ram.c/(21430:21490): El tamanio de segmentosLibres: 1
[INFO] 19:10:13:496 mi_ram.c/(21430:21490): Segmento libre que empieza en: 8 y tiene un tamanio de: 16376
[INFO] 19:10:13:496 mi_ram.c/(21430:21490): El segmento elegido empieza en: 8 y tiene un tamanio de: 16376
[INFO] 19:10:13:496 mi_ram.c/(21430:21490): Ingrese a first fit
[INFO] 19:10:13:496 mi_ram.c/(21430:21490): Entre al mutex first fit
[INFO] 19:10:13:496 mi_ram.c/(21430:21490): Despues del sort
[INFO] 19:10:13:496 mi_ram.c/(21430:21490): El tamanio de segmentosLibres: 1
[INFO] 19:10:13:496 mi_ram.c/(21430:21490): Segmento libre que empieza en: 168 y tiene un tamanio de: 16216
[INFO] 19:10:13:496 mi_ram.c/(21430:21490): El segmento elegido empieza en: 168 y tiene un tamanio de: 16216
[INFO] 19:10:13:496 mi_ram.c/(21430:21490): Ingrese a first fit
[INFO] 19:10:13:496 mi_ram.c/(21430:21490): Entre al mutex first fit
[INFO] 19:10:13:496 mi_ram.c/(21430:21490): Despues del sort
[INFO] 19:10:13:496 mi_ram.c/(21430:21490): El tamanio de segmentosLibres: 1
[INFO] 19:10:13:496 mi_ram.c/(21430:21490): Segmento libre que empieza en: 189 y tiene un tamanio de: 16195
[INFO] 19:10:13:496 mi_ram.c/(21430:21490): El segmento elegido empieza en: 189 y tiene un tamanio de: 16195
[INFO] 19:10:13:496 mi_ram.c/(21430:21490): Ingrese a first fit
[INFO] 19:10:13:496 mi_ram.c/(21430:21490): Entre al mutex first fit
[INFO] 19:10:13:496 mi_ram.c/(21430:21490): Despues del sort
[INFO] 19:10:13:496 mi_ram.c/(21430:21490): El tamanio de segmentosLibres: 1
[INFO] 19:10:13:496 mi_ram.c/(21430:21490): Segmento libre que empieza en: 210 y tiene un tamanio de: 16174
[INFO] 19:10:13:496 mi_ram.c/(21430:21490): El segmento elegido empieza en: 210 y tiene un tamanio de: 16174
[INFO] 19:10:13:496 mi_ram.c/(21430:21490): Ingrese a first fit
[INFO] 19:10:13:496 mi_ram.c/(21430:21490): Entre al mutex first fit
[INFO] 19:10:13:497 mi_ram.c/(21430:21490): Despues del sort
[INFO] 19:10:13:497 mi_ram.c/(21430:21490): El tamanio de segmentosLibres: 1
[INFO] 19:10:13:497 mi_ram.c/(21430:21490): Segmento libre que empieza en: 231 y tiene un tamanio de: 16153
[INFO] 19:10:13:497 mi_ram.c/(21430:21490): El segmento elegido empieza en: 231 y tiene un tamanio de: 16153
[INFO] 19:10:13:497 mi_ram.c/(21430:21490): Ingrese a first fit
[INFO] 19:10:13:497 mi_ram.c/(21430:21490): Entre al mutex first fit
[INFO] 19:10:13:497 mi_ram.c/(21430:21490): Despues del sort
[INFO] 19:10:13:497 mi_ram.c/(21430:21490): El tamanio de segmentosLibres: 1
[INFO] 19:10:13:497 mi_ram.c/(21430:21490): Segmento libre que empieza en: 252 y tiene un tamanio de: 16132
[INFO] 19:10:13:497 mi_ram.c/(21430:21490): El segmento elegido empieza en: 252 y tiene un tamanio de: 16132
[INFO] 19:12:00:114 mi_ram.c/(21430:22051): Entre a eliminar tripulante segmentacion PID: 0 TID: 1
[INFO] 19:12:00:114 mi_ram.c/(21430:22051): Tamanio de la lista referencias: 1
[INFO] 19:12:00:114 mi_ram.c/(21430:22051): La referencia a la patota no es nula
[INFO] 19:12:00:114 mi_ram.c/(21430:22051): Encontre el segmento del tripulante a eliminar. Base: 189, tamanio: 21
[INFO] 19:12:00:114 mi_ram.c/(21430:22051): Tamanio de la tabla de la patota 0 antes del remove: 7
[INFO] 19:12:00:114 mi_ram.c/(21430:22051): Tamanio de la tabla de la patota 0 despues del remove: 6
[INFO] 19:12:00:114 mi_ram.c/(21430:22051): Entre a es el ultimo tripulante
[INFO] 19:12:02:111 mi_ram.c/(21430:22059): Entre a eliminar tripulante segmentacion PID: 0 TID: 0
[INFO] 19:12:02:111 mi_ram.c/(21430:22059): Tamanio de la lista referencias: 1
[INFO] 19:12:02:111 mi_ram.c/(21430:22059): La referencia a la patota no es nula
[INFO] 19:12:02:111 mi_ram.c/(21430:22059): Encontre el segmento del tripulante a eliminar. Base: 168, tamanio: 21
[INFO] 19:12:02:111 mi_ram.c/(21430:22059): Tamanio de la tabla de la patota 0 antes del remove: 6
[INFO] 19:12:02:111 mi_ram.c/(21430:22059): Tamanio de la tabla de la patota 0 despues del remove: 5
[INFO] 19:12:02:111 mi_ram.c/(21430:22059): Entre a es el ultimo tripulante
[INFO] 19:12:07:113 mi_ram.c/(21430:22077): Entre a eliminar tripulante segmentacion PID: 0 TID: 3
[INFO] 19:12:07:113 mi_ram.c/(21430:22077): Tamanio de la lista referencias: 1
[INFO] 19:12:07:113 mi_ram.c/(21430:22077): La referencia a la patota no es nula
[INFO] 19:12:07:113 mi_ram.c/(21430:22077): Encontre el segmento del tripulante a eliminar. Base: 231, tamanio: 21
[INFO] 19:12:07:113 mi_ram.c/(21430:22077): Tamanio de la tabla de la patota 0 antes del remove: 5
[INFO] 19:12:07:113 mi_ram.c/(21430:22077): Tamanio de la tabla de la patota 0 despues del remove: 4
[INFO] 19:12:07:113 mi_ram.c/(21430:22077): Entre a es el ultimo tripulante
[INFO] 19:12:10:117 mi_ram.c/(21430:22090): Entre a eliminar tripulante segmentacion PID: 0 TID: 2
[INFO] 19:12:10:117 mi_ram.c/(21430:22090): Tamanio de la lista referencias: 1
[INFO] 19:12:10:117 mi_ram.c/(21430:22090): La referencia a la patota no es nula
[INFO] 19:12:10:117 mi_ram.c/(21430:22090): Encontre el segmento del tripulante a eliminar. Base: 210, tamanio: 21
[INFO] 19:12:10:117 mi_ram.c/(21430:22090): Tamanio de la tabla de la patota 0 antes del remove: 4
[INFO] 19:12:10:117 mi_ram.c/(21430:22090): Tamanio de la tabla de la patota 0 despues del remove: 3
[INFO] 19:12:10:117 mi_ram.c/(21430:22090): Entre a es el ultimo tripulante
[INFO] 19:12:12:115 mi_ram.c/(21430:22096): Entre a eliminar tripulante segmentacion PID: 0 TID: 4
[INFO] 19:12:12:115 mi_ram.c/(21430:22096): Tamanio de la lista referencias: 1
[INFO] 19:12:12:115 mi_ram.c/(21430:22096): La referencia a la patota no es nula
[INFO] 19:12:12:115 mi_ram.c/(21430:22096): Encontre el segmento del tripulante a eliminar. Base: 252, tamanio: 21
[INFO] 19:12:12:115 mi_ram.c/(21430:22096): Tamanio de la tabla de la patota 0 antes del remove: 3
[INFO] 19:12:12:115 mi_ram.c/(21430:22096): Tamanio de la tabla de la patota 0 despues del remove: 2
[INFO] 19:12:12:115 mi_ram.c/(21430:22096): Entre a es el ultimo tripulante
[INFO] 19:18:03:644 mi_ram.c/(22851:22907): INgrese a buscarEspacioNecesario
[INFO] 19:18:03:644 mi_ram.c/(22851:22907): Antes del mutex
[INFO] 19:18:03:644 mi_ram.c/(22851:22907): no apunta a nulo la tabla global
[INFO] 19:18:03:644 mi_ram.c/(22851:22907): Tamanio tabla global :1
[INFO] 19:18:03:644 mi_ram.c/(22851:22907): Ingrese a first fit
[INFO] 19:18:03:644 mi_ram.c/(22851:22907): Entre al mutex first fit
[INFO] 19:18:03:644 mi_ram.c/(22851:22907): Despues del sort
[INFO] 19:18:03:644 mi_ram.c/(22851:22907): El tamanio de segmentosLibres: 1
[INFO] 19:18:03:644 mi_ram.c/(22851:22907): Segmento libre que empieza en: 0 y tiene un tamanio de: 2048
[INFO] 19:18:03:644 mi_ram.c/(22851:22907): El segmento elegido empieza en: 0 y tiene un tamanio de: 2048
[INFO] 19:18:03:644 mi_ram.c/(22851:22907): Ingrese a first fit
[INFO] 19:18:03:644 mi_ram.c/(22851:22907): Entre al mutex first fit
[INFO] 19:18:03:644 mi_ram.c/(22851:22907): Despues del sort
[INFO] 19:18:03:644 mi_ram.c/(22851:22907): El tamanio de segmentosLibres: 1
[INFO] 19:18:03:644 mi_ram.c/(22851:22907): Segmento libre que empieza en: 8 y tiene un tamanio de: 2040
[INFO] 19:18:03:644 mi_ram.c/(22851:22907): El segmento elegido empieza en: 8 y tiene un tamanio de: 2040
[INFO] 19:18:03:644 mi_ram.c/(22851:22907): Ingrese a first fit
[INFO] 19:18:03:644 mi_ram.c/(22851:22907): Entre al mutex first fit
[INFO] 19:18:03:645 mi_ram.c/(22851:22907): Despues del sort
[INFO] 19:18:03:645 mi_ram.c/(22851:22907): El tamanio de segmentosLibres: 1
[INFO] 19:18:03:645 mi_ram.c/(22851:22907): Segmento libre que empieza en: 175 y tiene un tamanio de: 1873
[INFO] 19:18:03:645 mi_ram.c/(22851:22907): El segmento elegido empieza en: 175 y tiene un tamanio de: 1873
[INFO] 19:18:03:645 mi_ram.c/(22851:22907): Ingrese a first fit
[INFO] 19:18:03:645 mi_ram.c/(22851:22907): Entre al mutex first fit
[INFO] 19:18:03:645 mi_ram.c/(22851:22907): Despues del sort
[INFO] 19:18:03:645 mi_ram.c/(22851:22907): El tamanio de segmentosLibres: 1
[INFO] 19:18:03:645 mi_ram.c/(22851:22907): Segmento libre que empieza en: 196 y tiene un tamanio de: 1852
[INFO] 19:18:03:645 mi_ram.c/(22851:22907): El segmento elegido empieza en: 196 y tiene un tamanio de: 1852
[INFO] 19:18:03:645 mi_ram.c/(22851:22907): Ingrese a first fit
[INFO] 19:18:03:645 mi_ram.c/(22851:22907): Entre al mutex first fit
[INFO] 19:18:03:645 mi_ram.c/(22851:22907): Despues del sort
[INFO] 19:18:03:645 mi_ram.c/(22851:22907): El tamanio de segmentosLibres: 1
[INFO] 19:18:03:645 mi_ram.c/(22851:22907): Segmento libre que empieza en: 217 y tiene un tamanio de: 1831
[INFO] 19:18:03:645 mi_ram.c/(22851:22907): El segmento elegido empieza en: 217 y tiene un tamanio de: 1831
[INFO] 19:18:13:059 mi_ram.c/(22851:22924): INgrese a buscarEspacioNecesario
[INFO] 19:18:13:059 mi_ram.c/(22851:22924): Antes del mutex
[INFO] 19:18:13:059 mi_ram.c/(22851:22924): no apunta a nulo la tabla global
[INFO] 19:18:13:059 mi_ram.c/(22851:22924): Tamanio tabla global :6
[INFO] 19:18:13:059 mi_ram.c/(22851:22924): Ingrese a first fit
[INFO] 19:18:13:059 mi_ram.c/(22851:22924): Entre al mutex first fit
[INFO] 19:18:13:059 mi_ram.c/(22851:22924): Despues del sort
[INFO] 19:18:13:059 mi_ram.c/(22851:22924): El tamanio de segmentosLibres: 1
[INFO] 19:18:13:059 mi_ram.c/(22851:22924): Segmento libre que empieza en: 238 y tiene un tamanio de: 1810
[INFO] 19:18:13:059 mi_ram.c/(22851:22924): El segmento elegido empieza en: 238 y tiene un tamanio de: 1810
[INFO] 19:18:13:059 mi_ram.c/(22851:22924): Ingrese a first fit
[INFO] 19:18:13:059 mi_ram.c/(22851:22924): Entre al mutex first fit
[INFO] 19:18:13:059 mi_ram.c/(22851:22924): Despues del sort
[INFO] 19:18:13:059 mi_ram.c/(22851:22924): El tamanio de segmentosLibres: 1
[INFO] 19:18:13:059 mi_ram.c/(22851:22924): Segmento libre que empieza en: 246 y tiene un tamanio de: 1802
[INFO] 19:18:13:059 mi_ram.c/(22851:22924): El segmento elegido empieza en: 246 y tiene un tamanio de: 1802
[INFO] 19:18:13:059 mi_ram.c/(22851:22924): Ingrese a first fit
[INFO] 19:18:13:059 mi_ram.c/(22851:22924): Entre al mutex first fit
[INFO] 19:18:13:059 mi_ram.c/(22851:22924): Despues del sort
[INFO] 19:18:13:059 mi_ram.c/(22851:22924): El tamanio de segmentosLibres: 1
[INFO] 19:18:13:059 mi_ram.c/(22851:22924): Segmento libre que empieza en: 417 y tiene un tamanio de: 1631
[INFO] 19:18:13:059 mi_ram.c/(22851:22924): El segmento elegido empieza en: 417 y tiene un tamanio de: 1631
[INFO] 19:18:13:059 mi_ram.c/(22851:22924): Ingrese a first fit
[INFO] 19:18:13:059 mi_ram.c/(22851:22924): Entre al mutex first fit
[INFO] 19:18:13:059 mi_ram.c/(22851:22924): Despues del sort
[INFO] 19:18:13:059 mi_ram.c/(22851:22924): El tamanio de segmentosLibres: 1
[INFO] 19:18:13:059 mi_ram.c/(22851:22924): Segmento libre que empieza en: 438 y tiene un tamanio de: 1610
[INFO] 19:18:13:059 mi_ram.c/(22851:22924): El segmento elegido empieza en: 438 y tiene un tamanio de: 1610
[INFO] 19:18:13:059 mi_ram.c/(22851:22924): Ingrese a first fit
[INFO] 19:18:13:059 mi_ram.c/(22851:22924): Entre al mutex first fit
[INFO] 19:18:13:060 mi_ram.c/(22851:22924): Despues del sort
[INFO] 19:18:13:060 mi_ram.c/(22851:22924): El tamanio de segmentosLibres: 1
[INFO] 19:18:13:060 mi_ram.c/(22851:22924): Segmento libre que empieza en: 459 y tiene un tamanio de: 1589
[INFO] 19:18:13:060 mi_ram.c/(22851:22924): El segmento elegido empieza en: 459 y tiene un tamanio de: 1589
[INFO] 19:19:02:695 mi_ram.c/(22851:23177): Entre a eliminar tripulante segmentacion PID: 0 TID: 0
[INFO] 19:19:02:695 mi_ram.c/(22851:23177): Tamanio de la lista referencias: 2
[INFO] 19:19:02:695 mi_ram.c/(22851:23177): La referencia a la patota no es nula
[INFO] 19:19:02:695 mi_ram.c/(22851:23177): Encontre el segmento del tripulante a eliminar. Base: 175, tamanio: 21
[INFO] 19:19:02:695 mi_ram.c/(22851:23177): Tamanio de la tabla de la patota 0 antes del remove: 5
[INFO] 19:19:02:695 mi_ram.c/(22851:23177): Tamanio de la tabla de la patota 0 despues del remove: 4
[INFO] 19:19:02:695 mi_ram.c/(22851:23177): Entre a es el ultimo tripulante
[INFO] 19:19:03:726 mi_ram.c/(22851:23190): Entre a eliminar tripulante segmentacion PID: 0 TID: 2
[INFO] 19:19:03:726 mi_ram.c/(22851:23190): Tamanio de la lista referencias: 2
[INFO] 19:19:03:726 mi_ram.c/(22851:23190): La referencia a la patota no es nula
[INFO] 19:19:03:726 mi_ram.c/(22851:23190): Encontre el segmento del tripulante a eliminar. Base: 217, tamanio: 21
[INFO] 19:19:03:726 mi_ram.c/(22851:23190): Tamanio de la tabla de la patota 0 antes del remove: 4
[INFO] 19:19:03:726 mi_ram.c/(22851:23190): Tamanio de la tabla de la patota 0 despues del remove: 3
[INFO] 19:19:03:726 mi_ram.c/(22851:23190): Entre a es el ultimo tripulante
[INFO] 19:19:03:726 mi_ram.c/(22851:23192): Entre a eliminar tripulante segmentacion PID: 0 TID: 1
[INFO] 19:19:03:726 mi_ram.c/(22851:23192): Tamanio de la lista referencias: 2
[INFO] 19:19:03:726 mi_ram.c/(22851:23192): La referencia a la patota no es nula
[INFO] 19:19:03:726 mi_ram.c/(22851:23192): Encontre el segmento del tripulante a eliminar. Base: 196, tamanio: 21
[INFO] 19:19:03:726 mi_ram.c/(22851:23192): Tamanio de la tabla de la patota 0 antes del remove: 3
[INFO] 19:19:03:726 mi_ram.c/(22851:23192): Tamanio de la tabla de la patota 0 despues del remove: 2
[INFO] 19:19:03:726 mi_ram.c/(22851:23192): Entre a es el ultimo tripulante
[INFO] 19:19:20:698 mi_ram.c/(22851:23257): Entre a eliminar tripulante segmentacion PID: 1 TID: 4
[INFO] 19:19:20:698 mi_ram.c/(22851:23257): Tamanio de la lista referencias: 1
[INFO] 19:19:20:698 mi_ram.c/(22851:23257): La referencia a la patota no es nula
[INFO] 19:19:20:698 mi_ram.c/(22851:23257): Encontre el segmento del tripulante a eliminar. Base: 438, tamanio: 21
[INFO] 19:19:20:698 mi_ram.c/(22851:23257): Tamanio de la tabla de la patota 1 antes del remove: 5
[INFO] 19:19:20:698 mi_ram.c/(22851:23257): Tamanio de la tabla de la patota 1 despues del remove: 4
[INFO] 19:19:20:698 mi_ram.c/(22851:23257): Entre a es el ultimo tripulante
[INFO] 19:19:20:700 mi_ram.c/(22851:23259): Entre a eliminar tripulante segmentacion PID: 1 TID: 3
[INFO] 19:19:20:700 mi_ram.c/(22851:23259): Tamanio de la lista referencias: 1
[INFO] 19:19:20:700 mi_ram.c/(22851:23259): La referencia a la patota no es nula
[INFO] 19:19:20:700 mi_ram.c/(22851:23259): Encontre el segmento del tripulante a eliminar. Base: 417, tamanio: 21
[INFO] 19:19:20:700 mi_ram.c/(22851:23259): Tamanio de la tabla de la patota 1 antes del remove: 4
[INFO] 19:19:20:700 mi_ram.c/(22851:23259): Tamanio de la tabla de la patota 1 despues del remove: 3
[INFO] 19:19:20:700 mi_ram.c/(22851:23259): Entre a es el ultimo tripulante
[INFO] 19:19:20:700 mi_ram.c/(22851:23261): Entre a eliminar tripulante segmentacion PID: 1 TID: 5
[INFO] 19:19:20:700 mi_ram.c/(22851:23261): Tamanio de la lista referencias: 1
[INFO] 19:19:20:700 mi_ram.c/(22851:23261): La referencia a la patota no es nula
[INFO] 19:19:20:700 mi_ram.c/(22851:23261): Encontre el segmento del tripulante a eliminar. Base: 459, tamanio: 21
[INFO] 19:19:20:700 mi_ram.c/(22851:23261): Tamanio de la tabla de la patota 1 antes del remove: 3
[INFO] 19:19:20:700 mi_ram.c/(22851:23261): Tamanio de la tabla de la patota 1 despues del remove: 2
[INFO] 19:19:20:700 mi_ram.c/(22851:23261): Entre a es el ultimo tripulante
[INFO] 19:28:25:234 mi_ram.c/(23730:23844): INgrese a buscarEspacioNecesario
[INFO] 19:28:25:234 mi_ram.c/(23730:23844): Antes del mutex
[INFO] 19:28:25:234 mi_ram.c/(23730:23844): no apunta a nulo la tabla global
[INFO] 19:28:25:234 mi_ram.c/(23730:23844): Tamanio tabla global :1
[INFO] 19:28:25:234 mi_ram.c/(23730:23844): Ingrese a first fit
[INFO] 19:28:25:234 mi_ram.c/(23730:23844): Entre al mutex first fit
[INFO] 19:28:25:234 mi_ram.c/(23730:23844): Despues del sort
[INFO] 19:28:25:234 mi_ram.c/(23730:23844): El tamanio de segmentosLibres: 1
[INFO] 19:28:25:235 mi_ram.c/(23730:23844): Segmento libre que empieza en: 0 y tiene un tamanio de: 2048
[INFO] 19:28:25:235 mi_ram.c/(23730:23844): El segmento elegido empieza en: 0 y tiene un tamanio de: 2048
[INFO] 19:28:25:235 mi_ram.c/(23730:23844): Ingrese a first fit
[INFO] 19:28:25:235 mi_ram.c/(23730:23844): Entre al mutex first fit
[INFO] 19:28:25:235 mi_ram.c/(23730:23844): Despues del sort
[INFO] 19:28:25:235 mi_ram.c/(23730:23844): El tamanio de segmentosLibres: 1
[INFO] 19:28:25:235 mi_ram.c/(23730:23844): Segmento libre que empieza en: 8 y tiene un tamanio de: 2040
[INFO] 19:28:25:235 mi_ram.c/(23730:23844): El segmento elegido empieza en: 8 y tiene un tamanio de: 2040
[INFO] 19:28:25:235 mi_ram.c/(23730:23844): Ingrese a first fit
[INFO] 19:28:25:235 mi_ram.c/(23730:23844): Entre al mutex first fit
[INFO] 19:28:25:235 mi_ram.c/(23730:23844): Despues del sort
[INFO] 19:28:25:235 mi_ram.c/(23730:23844): El tamanio de segmentosLibres: 1
[INFO] 19:28:25:235 mi_ram.c/(23730:23844): Segmento libre que empieza en: 175 y tiene un tamanio de: 1873
[INFO] 19:28:25:235 mi_ram.c/(23730:23844): El segmento elegido empieza en: 175 y tiene un tamanio de: 1873
[INFO] 19:28:25:235 mi_ram.c/(23730:23844): Ingrese a first fit
[INFO] 19:28:25:235 mi_ram.c/(23730:23844): Entre al mutex first fit
[INFO] 19:28:25:235 mi_ram.c/(23730:23844): Despues del sort
[INFO] 19:28:25:236 mi_ram.c/(23730:23844): El tamanio de segmentosLibres: 1
[INFO] 19:28:25:236 mi_ram.c/(23730:23844): Segmento libre que empieza en: 196 y tiene un tamanio de: 1852
[INFO] 19:28:25:236 mi_ram.c/(23730:23844): El segmento elegido empieza en: 196 y tiene un tamanio de: 1852
[INFO] 19:28:25:236 mi_ram.c/(23730:23844): Ingrese a first fit
[INFO] 19:28:25:236 mi_ram.c/(23730:23844): Entre al mutex first fit
[INFO] 19:28:25:236 mi_ram.c/(23730:23844): Despues del sort
[INFO] 19:28:25:236 mi_ram.c/(23730:23844): El tamanio de segmentosLibres: 1
[INFO] 19:28:25:236 mi_ram.c/(23730:23844): Segmento libre que empieza en: 217 y tiene un tamanio de: 1831
[INFO] 19:28:25:236 mi_ram.c/(23730:23844): El segmento elegido empieza en: 217 y tiene un tamanio de: 1831
[INFO] 19:28:37:604 mi_ram.c/(23730:23854): INgrese a buscarEspacioNecesario
[INFO] 19:28:37:604 mi_ram.c/(23730:23854): Antes del mutex
[INFO] 19:28:37:604 mi_ram.c/(23730:23854): no apunta a nulo la tabla global
[INFO] 19:28:37:604 mi_ram.c/(23730:23854): Tamanio tabla global :6
[INFO] 19:28:37:604 mi_ram.c/(23730:23854): Ingrese a first fit
[INFO] 19:28:37:604 mi_ram.c/(23730:23854): Entre al mutex first fit
[INFO] 19:28:37:604 mi_ram.c/(23730:23854): Despues del sort
[INFO] 19:28:37:604 mi_ram.c/(23730:23854): El tamanio de segmentosLibres: 1
[INFO] 19:28:37:605 mi_ram.c/(23730:23854): Segmento libre que empieza en: 238 y tiene un tamanio de: 1810
[INFO] 19:28:37:605 mi_ram.c/(23730:23854): El segmento elegido empieza en: 238 y tiene un tamanio de: 1810
[INFO] 19:28:37:605 mi_ram.c/(23730:23854): Ingrese a first fit
[INFO] 19:28:37:605 mi_ram.c/(23730:23854): Entre al mutex first fit
[INFO] 19:28:37:605 mi_ram.c/(23730:23854): Despues del sort
[INFO] 19:28:37:605 mi_ram.c/(23730:23854): El tamanio de segmentosLibres: 1
[INFO] 19:28:37:605 mi_ram.c/(23730:23854): Segmento libre que empieza en: 246 y tiene un tamanio de: 1802
[INFO] 19:28:37:605 mi_ram.c/(23730:23854): El segmento elegido empieza en: 246 y tiene un tamanio de: 1802
[INFO] 19:28:37:605 mi_ram.c/(23730:23854): Ingrese a first fit
[INFO] 19:28:37:605 mi_ram.c/(23730:23854): Entre al mutex first fit
[INFO] 19:28:37:605 mi_ram.c/(23730:23854): Despues del sort
[INFO] 19:28:37:605 mi_ram.c/(23730:23854): El tamanio de segmentosLibres: 1
[INFO] 19:28:37:605 mi_ram.c/(23730:23854): Segmento libre que empieza en: 417 y tiene un tamanio de: 1631
[INFO] 19:28:37:605 mi_ram.c/(23730:23854): El segmento elegido empieza en: 417 y tiene un tamanio de: 1631
[INFO] 19:28:37:605 mi_ram.c/(23730:23854): Ingrese a first fit
[INFO] 19:28:37:605 mi_ram.c/(23730:23854): Entre al mutex first fit
[INFO] 19:28:37:605 mi_ram.c/(23730:23854): Despues del sort
[INFO] 19:28:37:605 mi_ram.c/(23730:23854): El tamanio de segmentosLibres: 1
[INFO] 19:28:37:605 mi_ram.c/(23730:23854): Segmento libre que empieza en: 438 y tiene un tamanio de: 1610
[INFO] 19:28:37:605 mi_ram.c/(23730:23854): El segmento elegido empieza en: 438 y tiene un tamanio de: 1610
[INFO] 19:28:37:605 mi_ram.c/(23730:23854): Ingrese a first fit
[INFO] 19:28:37:605 mi_ram.c/(23730:23854): Entre al mutex first fit
[INFO] 19:28:37:605 mi_ram.c/(23730:23854): Despues del sort
[INFO] 19:28:37:605 mi_ram.c/(23730:23854): El tamanio de segmentosLibres: 1
[INFO] 19:28:37:605 mi_ram.c/(23730:23854): Segmento libre que empieza en: 459 y tiene un tamanio de: 1589
[INFO] 19:28:37:605 mi_ram.c/(23730:23854): El segmento elegido empieza en: 459 y tiene un tamanio de: 1589
[INFO] 19:29:22:585 mi_ram.c/(23730:24104): Entre a eliminar tripulante segmentacion PID: 0 TID: 0
[INFO] 19:29:22:585 mi_ram.c/(23730:24104): Tamanio de la lista referencias: 2
[INFO] 19:29:22:585 mi_ram.c/(23730:24104): La referencia a la patota no es nula
[INFO] 19:29:22:585 mi_ram.c/(23730:24104): Encontre el segmento del tripulante a eliminar. Base: 175, tamanio: 21
[INFO] 19:29:22:585 mi_ram.c/(23730:24104): Tamanio de la tabla de la patota 0 antes del remove: 5
[INFO] 19:29:22:585 mi_ram.c/(23730:24104): Tamanio de la tabla de la patota 0 despues del remove: 4
[INFO] 19:29:22:585 mi_ram.c/(23730:24104): Entre a es el ultimo tripulante
[INFO] 19:29:22:585 mi_ram.c/(23730:24106): Entre a eliminar tripulante segmentacion PID: 0 TID: 1
[INFO] 19:29:22:585 mi_ram.c/(23730:24106): Tamanio de la lista referencias: 2
[INFO] 19:29:22:585 mi_ram.c/(23730:24106): La referencia a la patota no es nula
[INFO] 19:29:22:585 mi_ram.c/(23730:24106): Encontre el segmento del tripulante a eliminar. Base: 196, tamanio: 21
[INFO] 19:29:22:585 mi_ram.c/(23730:24106): Tamanio de la tabla de la patota 0 antes del remove: 4
[INFO] 19:29:22:585 mi_ram.c/(23730:24106): Tamanio de la tabla de la patota 0 despues del remove: 3
[INFO] 19:29:22:585 mi_ram.c/(23730:24106): Entre a es el ultimo tripulante
[INFO] 19:29:22:585 mi_ram.c/(23730:24108): Entre a eliminar tripulante segmentacion PID: 0 TID: 2
[INFO] 19:29:22:585 mi_ram.c/(23730:24108): Tamanio de la lista referencias: 2
[INFO] 19:29:22:585 mi_ram.c/(23730:24108): La referencia a la patota no es nula
[INFO] 19:29:22:585 mi_ram.c/(23730:24108): Encontre el segmento del tripulante a eliminar. Base: 217, tamanio: 21
[INFO] 19:29:22:585 mi_ram.c/(23730:24108): Tamanio de la tabla de la patota 0 antes del remove: 3
[INFO] 19:29:22:585 mi_ram.c/(23730:24108): Tamanio de la tabla de la patota 0 despues del remove: 2
[INFO] 19:29:22:585 mi_ram.c/(23730:24108): Entre a es el ultimo tripulante
[INFO] 19:29:40:589 mi_ram.c/(23730:24160): Entre a eliminar tripulante segmentacion PID: 1 TID: 4
[INFO] 19:29:40:589 mi_ram.c/(23730:24160): Tamanio de la lista referencias: 1
[INFO] 19:29:40:589 mi_ram.c/(23730:24160): La referencia a la patota no es nula
[INFO] 19:29:40:589 mi_ram.c/(23730:24160): Encontre el segmento del tripulante a eliminar. Base: 438, tamanio: 21
[INFO] 19:29:40:589 mi_ram.c/(23730:24160): Tamanio de la tabla de la patota 1 antes del remove: 5
[INFO] 19:29:40:589 mi_ram.c/(23730:24160): Tamanio de la tabla de la patota 1 despues del remove: 4
[INFO] 19:29:40:589 mi_ram.c/(23730:24160): Entre a es el ultimo tripulante
[INFO] 19:29:40:590 mi_ram.c/(23730:24162): Entre a eliminar tripulante segmentacion PID: 1 TID: 5
[INFO] 19:29:40:590 mi_ram.c/(23730:24162): Tamanio de la lista referencias: 1
[INFO] 19:29:40:590 mi_ram.c/(23730:24162): La referencia a la patota no es nula
[INFO] 19:29:40:590 mi_ram.c/(23730:24162): Encontre el segmento del tripulante a eliminar. Base: 459, tamanio: 21
[INFO] 19:29:40:590 mi_ram.c/(23730:24162): Tamanio de la tabla de la patota 1 antes del remove: 4
[INFO] 19:29:40:590 mi_ram.c/(23730:24162): Tamanio de la tabla de la patota 1 despues del remove: 3
[INFO] 19:29:40:590 mi_ram.c/(23730:24162): Entre a es el ultimo tripulante
[INFO] 19:29:40:590 mi_ram.c/(23730:24164): Entre a eliminar tripulante segmentacion PID: 1 TID: 3
[INFO] 19:29:40:590 mi_ram.c/(23730:24164): Tamanio de la lista referencias: 1
[INFO] 19:29:40:590 mi_ram.c/(23730:24164): La referencia a la patota no es nula
[INFO] 19:29:40:590 mi_ram.c/(23730:24164): Encontre el segmento del tripulante a eliminar. Base: 417, tamanio: 21
[INFO] 19:29:40:590 mi_ram.c/(23730:24164): Tamanio de la tabla de la patota 1 antes del remove: 3
[INFO] 19:29:40:590 mi_ram.c/(23730:24164): Tamanio de la tabla de la patota 1 despues del remove: 2
[INFO] 19:29:40:590 mi_ram.c/(23730:24164): Entre a es el ultimo tripulante
[INFO] 19:38:47:050 mi_ram.c/(24489:24567): INgrese a buscarEspacioNecesario
[INFO] 19:38:47:050 mi_ram.c/(24489:24567): Antes del mutex
[INFO] 19:38:47:050 mi_ram.c/(24489:24567): no apunta a nulo la tabla global
[INFO] 19:38:47:050 mi_ram.c/(24489:24567): Tamanio tabla global :1
[INFO] 19:38:47:050 mi_ram.c/(24489:24567): Ingrese a first fit
[INFO] 19:38:47:050 mi_ram.c/(24489:24567): Entre al mutex first fit
[INFO] 19:38:47:050 mi_ram.c/(24489:24567): Despues del sort
[INFO] 19:38:47:050 mi_ram.c/(24489:24567): El tamanio de segmentosLibres: 1
[INFO] 19:38:47:050 mi_ram.c/(24489:24567): Segmento libre que empieza en: 0 y tiene un tamanio de: 2048
[INFO] 19:38:47:050 mi_ram.c/(24489:24567): El segmento elegido empieza en: 0 y tiene un tamanio de: 2048
[INFO] 19:38:47:050 mi_ram.c/(24489:24567): Ingrese a first fit
[INFO] 19:38:47:050 mi_ram.c/(24489:24567): Entre al mutex first fit
[INFO] 19:38:47:050 mi_ram.c/(24489:24567): Despues del sort
[INFO] 19:38:47:050 mi_ram.c/(24489:24567): El tamanio de segmentosLibres: 1
[INFO] 19:38:47:050 mi_ram.c/(24489:24567): Segmento libre que empieza en: 8 y tiene un tamanio de: 2040
[INFO] 19:38:47:050 mi_ram.c/(24489:24567): El segmento elegido empieza en: 8 y tiene un tamanio de: 2040
[INFO] 19:38:47:050 mi_ram.c/(24489:24567): Ingrese a first fit
[INFO] 19:38:47:050 mi_ram.c/(24489:24567): Entre al mutex first fit
[INFO] 19:38:47:050 mi_ram.c/(24489:24567): Despues del sort
[INFO] 19:38:47:050 mi_ram.c/(24489:24567): El tamanio de segmentosLibres: 1
[INFO] 19:38:47:050 mi_ram.c/(24489:24567): Segmento libre que empieza en: 175 y tiene un tamanio de: 1873
[INFO] 19:38:47:050 mi_ram.c/(24489:24567): El segmento elegido empieza en: 175 y tiene un tamanio de: 1873
[INFO] 19:38:47:050 mi_ram.c/(24489:24567): Ingrese a first fit
[INFO] 19:38:47:050 mi_ram.c/(24489:24567): Entre al mutex first fit
[INFO] 19:38:47:050 mi_ram.c/(24489:24567): Despues del sort
[INFO] 19:38:47:050 mi_ram.c/(24489:24567): El tamanio de segmentosLibres: 1
[INFO] 19:38:47:050 mi_ram.c/(24489:24567): Segmento libre que empieza en: 196 y tiene un tamanio de: 1852
[INFO] 19:38:47:050 mi_ram.c/(24489:24567): El segmento elegido empieza en: 196 y tiene un tamanio de: 1852
[INFO] 19:38:47:050 mi_ram.c/(24489:24567): Ingrese a first fit
[INFO] 19:38:47:050 mi_ram.c/(24489:24567): Entre al mutex first fit
[INFO] 19:38:47:050 mi_ram.c/(24489:24567): Despues del sort
[INFO] 19:38:47:050 mi_ram.c/(24489:24567): El tamanio de segmentosLibres: 1
[INFO] 19:38:47:050 mi_ram.c/(24489:24567): Segmento libre que empieza en: 217 y tiene un tamanio de: 1831
[INFO] 19:38:47:051 mi_ram.c/(24489:24567): El segmento elegido empieza en: 217 y tiene un tamanio de: 1831
[INFO] 19:38:54:572 mi_ram.c/(24489:24580): INgrese a buscarEspacioNecesario
[INFO] 19:38:54:572 mi_ram.c/(24489:24580): Antes del mutex
[INFO] 19:38:54:572 mi_ram.c/(24489:24580): no apunta a nulo la tabla global
[INFO] 19:38:54:572 mi_ram.c/(24489:24580): Tamanio tabla global :6
[INFO] 19:38:54:572 mi_ram.c/(24489:24580): Ingrese a first fit
[INFO] 19:38:54:572 mi_ram.c/(24489:24580): Entre al mutex first fit
[INFO] 19:38:54:572 mi_ram.c/(24489:24580): Despues del sort
[INFO] 19:38:54:572 mi_ram.c/(24489:24580): El tamanio de segmentosLibres: 1
[INFO] 19:38:54:572 mi_ram.c/(24489:24580): Segmento libre que empieza en: 238 y tiene un tamanio de: 1810
[INFO] 19:38:54:572 mi_ram.c/(24489:24580): El segmento elegido empieza en: 238 y tiene un tamanio de: 1810
[INFO] 19:38:54:572 mi_ram.c/(24489:24580): Ingrese a first fit
[INFO] 19:38:54:572 mi_ram.c/(24489:24580): Entre al mutex first fit
[INFO] 19:38:54:572 mi_ram.c/(24489:24580): Despues del sort
[INFO] 19:38:54:572 mi_ram.c/(24489:24580): El tamanio de segmentosLibres: 1
[INFO] 19:38:54:572 mi_ram.c/(24489:24580): Segmento libre que empieza en: 246 y tiene un tamanio de: 1802
[INFO] 19:38:54:572 mi_ram.c/(24489:24580): El segmento elegido empieza en: 246 y tiene un tamanio de: 1802
[INFO] 19:38:54:572 mi_ram.c/(24489:24580): Ingrese a first fit
[INFO] 19:38:54:572 mi_ram.c/(24489:24580): Entre al mutex first fit
[INFO] 19:38:54:572 mi_ram.c/(24489:24580): Despues del sort
[INFO] 19:38:54:572 mi_ram.c/(24489:24580): El tamanio de segmentosLibres: 1
[INFO] 19:38:54:572 mi_ram.c/(24489:24580): Segmento libre que empieza en: 417 y tiene un tamanio de: 1631
[INFO] 19:38:54:572 mi_ram.c/(24489:24580): El segmento elegido empieza en: 417 y tiene un tamanio de: 1631
[INFO] 19:38:54:572 mi_ram.c/(24489:24580): Ingrese a first fit
[INFO] 19:38:54:572 mi_ram.c/(24489:24580): Entre al mutex first fit
[INFO] 19:38:54:572 mi_ram.c/(24489:24580): Despues del sort
[INFO] 19:38:54:572 mi_ram.c/(24489:24580): El tamanio de segmentosLibres: 1
[INFO] 19:38:54:572 mi_ram.c/(24489:24580): Segmento libre que empieza en: 438 y tiene un tamanio de: 1610
[INFO] 19:38:54:572 mi_ram.c/(24489:24580): El segmento elegido empieza en: 438 y tiene un tamanio de: 1610
[INFO] 19:38:54:572 mi_ram.c/(24489:24580): Ingrese a first fit
[INFO] 19:38:54:572 mi_ram.c/(24489:24580): Entre al mutex first fit
[INFO] 19:38:54:572 mi_ram.c/(24489:24580): Despues del sort
[INFO] 19:38:54:572 mi_ram.c/(24489:24580): El tamanio de segmentosLibres: 1
[INFO] 19:38:54:572 mi_ram.c/(24489:24580): Segmento libre que empieza en: 459 y tiene un tamanio de: 1589
[INFO] 19:38:54:573 mi_ram.c/(24489:24580): El segmento elegido empieza en: 459 y tiene un tamanio de: 1589
[INFO] 19:39:39:538 mi_ram.c/(24489:24825): Entre a eliminar tripulante segmentacion PID: 0 TID: 1
[INFO] 19:39:39:538 mi_ram.c/(24489:24825): Tamanio de la lista referencias: 2
[INFO] 19:39:39:538 mi_ram.c/(24489:24825): La referencia a la patota no es nula
[INFO] 19:39:39:538 mi_ram.c/(24489:24825): Encontre el segmento del tripulante a eliminar. Base: 196, tamanio: 21
[INFO] 19:39:39:538 mi_ram.c/(24489:24825): Tamanio de la tabla de la patota 0 antes del remove: 5
[INFO] 19:39:39:538 mi_ram.c/(24489:24827): Entre a eliminar tripulante segmentacion PID: 0 TID: 0
[INFO] 19:39:39:538 mi_ram.c/(24489:24825): Tamanio de la tabla de la patota 0 despues del remove: 4
[INFO] 19:39:39:538 mi_ram.c/(24489:24827): Tamanio de la lista referencias: 2
[INFO] 19:39:39:538 mi_ram.c/(24489:24825): Entre a es el ultimo tripulante
[INFO] 19:39:39:538 mi_ram.c/(24489:24827): La referencia a la patota no es nula
[INFO] 19:39:39:538 mi_ram.c/(24489:24827): Encontre el segmento del tripulante a eliminar. Base: 175, tamanio: 21
[INFO] 19:39:39:538 mi_ram.c/(24489:24827): Tamanio de la tabla de la patota 0 antes del remove: 4
[INFO] 19:39:39:538 mi_ram.c/(24489:24827): Tamanio de la tabla de la patota 0 despues del remove: 3
[INFO] 19:39:39:538 mi_ram.c/(24489:24827): Entre a es el ultimo tripulante
[INFO] 19:39:39:538 mi_ram.c/(24489:24828): Entre a eliminar tripulante segmentacion PID: 0 TID: 2
[INFO] 19:39:39:538 mi_ram.c/(24489:24828): Tamanio de la lista referencias: 2
[INFO] 19:39:39:538 mi_ram.c/(24489:24828): La referencia a la patota no es nula
[INFO] 19:39:39:539 mi_ram.c/(24489:24828): Encontre el segmento del tripulante a eliminar. Base: 217, tamanio: 21
[INFO] 19:39:39:539 mi_ram.c/(24489:24828): Tamanio de la tabla de la patota 0 antes del remove: 3
[INFO] 19:39:39:539 mi_ram.c/(24489:24828): Tamanio de la tabla de la patota 0 despues del remove: 2
[INFO] 19:39:39:539 mi_ram.c/(24489:24828): Entre a es el ultimo tripulante
[INFO] 19:39:57:541 mi_ram.c/(24489:24879): Entre a eliminar tripulante segmentacion PID: 1 TID: 4
[INFO] 19:39:57:541 mi_ram.c/(24489:24879): Tamanio de la lista referencias: 1
[INFO] 19:39:57:541 mi_ram.c/(24489:24879): La referencia a la patota no es nula
[INFO] 19:39:57:541 mi_ram.c/(24489:24879): Encontre el segmento del tripulante a eliminar. Base: 438, tamanio: 21
[INFO] 19:39:57:541 mi_ram.c/(24489:24879): Tamanio de la tabla de la patota 1 antes del remove: 5
[INFO] 19:39:57:541 mi_ram.c/(24489:24879): Tamanio de la tabla de la patota 1 despues del remove: 4
[INFO] 19:39:57:541 mi_ram.c/(24489:24879): Entre a es el ultimo tripulante
[INFO] 19:39:57:542 mi_ram.c/(24489:24881): Entre a eliminar tripulante segmentacion PID: 1 TID: 3
[INFO] 19:39:57:542 mi_ram.c/(24489:24881): Tamanio de la lista referencias: 1
[INFO] 19:39:57:542 mi_ram.c/(24489:24881): La referencia a la patota no es nula
[INFO] 19:39:57:542 mi_ram.c/(24489:24881): Encontre el segmento del tripulante a eliminar. Base: 417, tamanio: 21
[INFO] 19:39:57:542 mi_ram.c/(24489:24881): Tamanio de la tabla de la patota 1 antes del remove: 4
[INFO] 19:39:57:542 mi_ram.c/(24489:24881): Tamanio de la tabla de la patota 1 despues del remove: 3
[INFO] 19:39:57:542 mi_ram.c/(24489:24881): Entre a es el ultimo tripulante
[INFO] 19:39:57:543 mi_ram.c/(24489:24883): Entre a eliminar tripulante segmentacion PID: 1 TID: 5
[INFO] 19:39:57:543 mi_ram.c/(24489:24883): Tamanio de la lista referencias: 1
[INFO] 19:39:57:543 mi_ram.c/(24489:24883): La referencia a la patota no es nula
[INFO] 19:39:57:543 mi_ram.c/(24489:24883): Encontre el segmento del tripulante a eliminar. Base: 459, tamanio: 21
[INFO] 19:39:57:543 mi_ram.c/(24489:24883): Tamanio de la tabla de la patota 1 antes del remove: 3
[INFO] 19:39:57:543 mi_ram.c/(24489:24883): Tamanio de la tabla de la patota 1 despues del remove: 2
[INFO] 19:39:57:543 mi_ram.c/(24489:24883): Entre a es el ultimo tripulante
[INFO] 19:48:17:179 mi_ram.c/(25339:25377): INgrese a buscarEspacioNecesario
[INFO] 19:48:17:179 mi_ram.c/(25339:25377): Antes del mutex
[INFO] 19:48:17:179 mi_ram.c/(25339:25377): no apunta a nulo la tabla global
[INFO] 19:48:17:179 mi_ram.c/(25339:25377): Tamanio tabla global :1
[INFO] 19:48:17:180 mi_ram.c/(25339:25377): Ingrese a first fit
[INFO] 19:48:17:180 mi_ram.c/(25339:25377): Entre al mutex first fit
[INFO] 19:48:17:180 mi_ram.c/(25339:25377): Despues del sort
[INFO] 19:48:17:180 mi_ram.c/(25339:25377): El tamanio de segmentosLibres: 1
[INFO] 19:48:17:180 mi_ram.c/(25339:25377): Segmento libre que empieza en: 0 y tiene un tamanio de: 2048
[INFO] 19:48:17:180 mi_ram.c/(25339:25377): El segmento elegido empieza en: 0 y tiene un tamanio de: 2048
[INFO] 19:48:17:180 mi_ram.c/(25339:25377): Ingrese a first fit
[INFO] 19:48:17:180 mi_ram.c/(25339:25377): Entre al mutex first fit
[INFO] 19:48:17:180 mi_ram.c/(25339:25377): Despues del sort
[INFO] 19:48:17:180 mi_ram.c/(25339:25377): El tamanio de segmentosLibres: 1
[INFO] 19:48:17:180 mi_ram.c/(25339:25377): Segmento libre que empieza en: 8 y tiene un tamanio de: 2040
[INFO] 19:48:17:180 mi_ram.c/(25339:25377): El segmento elegido empieza en: 8 y tiene un tamanio de: 2040
[INFO] 19:48:17:180 mi_ram.c/(25339:25377): Ingrese a first fit
[INFO] 19:48:17:180 mi_ram.c/(25339:25377): Entre al mutex first fit
[INFO] 19:48:17:180 mi_ram.c/(25339:25377): Despues del sort
[INFO] 19:48:17:180 mi_ram.c/(25339:25377): El tamanio de segmentosLibres: 1
[INFO] 19:48:17:180 mi_ram.c/(25339:25377): Segmento libre que empieza en: 175 y tiene un tamanio de: 1873
[INFO] 19:48:17:180 mi_ram.c/(25339:25377): El segmento elegido empieza en: 175 y tiene un tamanio de: 1873
[INFO] 19:48:17:180 mi_ram.c/(25339:25377): Ingrese a first fit
[INFO] 19:48:17:180 mi_ram.c/(25339:25377): Entre al mutex first fit
[INFO] 19:48:17:180 mi_ram.c/(25339:25377): Despues del sort
[INFO] 19:48:17:180 mi_ram.c/(25339:25377): El tamanio de segmentosLibres: 1
[INFO] 19:48:17:180 mi_ram.c/(25339:25377): Segmento libre que empieza en: 196 y tiene un tamanio de: 1852
[INFO] 19:48:17:180 mi_ram.c/(25339:25377): El segmento elegido empieza en: 196 y tiene un tamanio de: 1852
[INFO] 19:48:17:180 mi_ram.c/(25339:25377): Ingrese a first fit
[INFO] 19:48:17:180 mi_ram.c/(25339:25377): Entre al mutex first fit
[INFO] 19:48:17:180 mi_ram.c/(25339:25377): Despues del sort
[INFO] 19:48:17:180 mi_ram.c/(25339:25377): El tamanio de segmentosLibres: 1
[INFO] 19:48:17:180 mi_ram.c/(25339:25377): Segmento libre que empieza en: 217 y tiene un tamanio de: 1831
[INFO] 19:48:17:180 mi_ram.c/(25339:25377): El segmento elegido empieza en: 217 y tiene un tamanio de: 1831
[INFO] 19:48:27:771 mi_ram.c/(25339:25402): INgrese a buscarEspacioNecesario
[INFO] 19:48:27:771 mi_ram.c/(25339:25402): Antes del mutex
[INFO] 19:48:27:771 mi_ram.c/(25339:25402): no apunta a nulo la tabla global
[INFO] 19:48:27:771 mi_ram.c/(25339:25402): Tamanio tabla global :6
[INFO] 19:48:27:771 mi_ram.c/(25339:25402): Ingrese a first fit
[INFO] 19:48:27:771 mi_ram.c/(25339:25402): Entre al mutex first fit
[INFO] 19:48:27:771 mi_ram.c/(25339:25402): Despues del sort
[INFO] 19:48:27:771 mi_ram.c/(25339:25402): El tamanio de segmentosLibres: 1
[INFO] 19:48:27:771 mi_ram.c/(25339:25402): Segmento libre que empieza en: 238 y tiene un tamanio de: 1810
[INFO] 19:48:27:771 mi_ram.c/(25339:25402): El segmento elegido empieza en: 238 y tiene un tamanio de: 1810
[INFO] 19:48:27:771 mi_ram.c/(25339:25402): Ingrese a first fit
[INFO] 19:48:27:772 mi_ram.c/(25339:25402): Entre al mutex first fit
[INFO] 19:48:27:772 mi_ram.c/(25339:25402): Despues del sort
[INFO] 19:48:27:772 mi_ram.c/(25339:25402): El tamanio de segmentosLibres: 1
[INFO] 19:48:27:772 mi_ram.c/(25339:25402): Segmento libre que empieza en: 246 y tiene un tamanio de: 1802
[INFO] 19:48:27:772 mi_ram.c/(25339:25402): El segmento elegido empieza en: 246 y tiene un tamanio de: 1802
[INFO] 19:48:27:772 mi_ram.c/(25339:25402): Ingrese a first fit
[INFO] 19:48:27:772 mi_ram.c/(25339:25402): Entre al mutex first fit
[INFO] 19:48:27:772 mi_ram.c/(25339:25402): Despues del sort
[INFO] 19:48:27:772 mi_ram.c/(25339:25402): El tamanio de segmentosLibres: 1
[INFO] 19:48:27:772 mi_ram.c/(25339:25402): Segmento libre que empieza en: 417 y tiene un tamanio de: 1631
[INFO] 19:48:27:772 mi_ram.c/(25339:25402): El segmento elegido empieza en: 417 y tiene un tamanio de: 1631
[INFO] 19:48:27:772 mi_ram.c/(25339:25402): Ingrese a first fit
[INFO] 19:48:27:772 mi_ram.c/(25339:25402): Entre al mutex first fit
[INFO] 19:48:27:772 mi_ram.c/(25339:25402): Despues del sort
[INFO] 19:48:27:772 mi_ram.c/(25339:25402): El tamanio de segmentosLibres: 1
[INFO] 19:48:27:772 mi_ram.c/(25339:25402): Segmento libre que empieza en: 438 y tiene un tamanio de: 1610
[INFO] 19:48:27:772 mi_ram.c/(25339:25402): El segmento elegido empieza en: 438 y tiene un tamanio de: 1610
[INFO] 19:48:27:772 mi_ram.c/(25339:25402): Ingrese a first fit
[INFO] 19:48:27:772 mi_ram.c/(25339:25402): Entre al mutex first fit
[INFO] 19:48:27:772 mi_ram.c/(25339:25402): Despues del sort
[INFO] 19:48:27:772 mi_ram.c/(25339:25402): El tamanio de segmentosLibres: 1
[INFO] 19:48:27:772 mi_ram.c/(25339:25402): Segmento libre que empieza en: 459 y tiene un tamanio de: 1589
[INFO] 19:48:27:772 mi_ram.c/(25339:25402): El segmento elegido empieza en: 459 y tiene un tamanio de: 1589
[INFO] 19:49:12:292 mi_ram.c/(25339:25639): Entre a eliminar tripulante segmentacion PID: 0 TID: 0
[INFO] 19:49:12:292 mi_ram.c/(25339:25639): Tamanio de la lista referencias: 2
[INFO] 19:49:12:292 mi_ram.c/(25339:25639): La referencia a la patota no es nula
[INFO] 19:49:12:292 mi_ram.c/(25339:25639): Encontre el segmento del tripulante a eliminar. Base: 175, tamanio: 21
[INFO] 19:49:12:292 mi_ram.c/(25339:25639): Tamanio de la tabla de la patota 0 antes del remove: 5
[INFO] 19:49:12:292 mi_ram.c/(25339:25639): Tamanio de la tabla de la patota 0 despues del remove: 4
[INFO] 19:49:12:292 mi_ram.c/(25339:25639): Entre a es el ultimo tripulante
[INFO] 19:49:12:292 mi_ram.c/(25339:25641): Entre a eliminar tripulante segmentacion PID: 0 TID: 1
[INFO] 19:49:12:292 mi_ram.c/(25339:25641): Tamanio de la lista referencias: 2
[INFO] 19:49:12:292 mi_ram.c/(25339:25641): La referencia a la patota no es nula
[INFO] 19:49:12:292 mi_ram.c/(25339:25641): Encontre el segmento del tripulante a eliminar. Base: 196, tamanio: 21
[INFO] 19:49:12:292 mi_ram.c/(25339:25641): Tamanio de la tabla de la patota 0 antes del remove: 4
[INFO] 19:49:12:292 mi_ram.c/(25339:25641): Tamanio de la tabla de la patota 0 despues del remove: 3
[INFO] 19:49:12:292 mi_ram.c/(25339:25641): Entre a es el ultimo tripulante
[INFO] 19:49:12:292 mi_ram.c/(25339:25643): Entre a eliminar tripulante segmentacion PID: 0 TID: 2
[INFO] 19:49:12:292 mi_ram.c/(25339:25643): Tamanio de la lista referencias: 2
[INFO] 19:49:12:292 mi_ram.c/(25339:25643): La referencia a la patota no es nula
[INFO] 19:49:12:292 mi_ram.c/(25339:25643): Encontre el segmento del tripulante a eliminar. Base: 217, tamanio: 21
[INFO] 19:49:12:292 mi_ram.c/(25339:25643): Tamanio de la tabla de la patota 0 antes del remove: 3
[INFO] 19:49:12:292 mi_ram.c/(25339:25643): Tamanio de la tabla de la patota 0 despues del remove: 2
[INFO] 19:49:12:292 mi_ram.c/(25339:25643): Entre a es el ultimo tripulante
[INFO] 19:49:30:295 mi_ram.c/(25339:25699): Entre a eliminar tripulante segmentacion PID: 1 TID: 3
[INFO] 19:49:30:295 mi_ram.c/(25339:25699): Tamanio de la lista referencias: 1
[INFO] 19:49:30:295 mi_ram.c/(25339:25699): La referencia a la patota no es nula
[INFO] 19:49:30:296 mi_ram.c/(25339:25699): Encontre el segmento del tripulante a eliminar. Base: 417, tamanio: 21
[INFO] 19:49:30:296 mi_ram.c/(25339:25699): Tamanio de la tabla de la patota 1 antes del remove: 5
[INFO] 19:49:30:296 mi_ram.c/(25339:25699): Tamanio de la tabla de la patota 1 despues del remove: 4
[INFO] 19:49:30:296 mi_ram.c/(25339:25699): Entre a es el ultimo tripulante
[INFO] 19:49:30:296 mi_ram.c/(25339:25697): Entre a eliminar tripulante segmentacion PID: 1 TID: 5
[INFO] 19:49:30:296 mi_ram.c/(25339:25697): Tamanio de la lista referencias: 1
[INFO] 19:49:30:296 mi_ram.c/(25339:25697): La referencia a la patota no es nula
[INFO] 19:49:30:296 mi_ram.c/(25339:25697): Encontre el segmento del tripulante a eliminar. Base: 459, tamanio: 21
[INFO] 19:49:30:296 mi_ram.c/(25339:25697): Tamanio de la tabla de la patota 1 antes del remove: 4
[INFO] 19:49:30:296 mi_ram.c/(25339:25697): Tamanio de la tabla de la patota 1 despues del remove: 3
[INFO] 19:49:30:296 mi_ram.c/(25339:25697): Entre a es el ultimo tripulante
[INFO] 19:49:30:296 mi_ram.c/(25339:25701): Entre a eliminar tripulante segmentacion PID: 1 TID: 4
[INFO] 19:49:30:296 mi_ram.c/(25339:25701): Tamanio de la lista referencias: 1
[INFO] 19:49:30:296 mi_ram.c/(25339:25701): La referencia a la patota no es nula
[INFO] 19:49:30:296 mi_ram.c/(25339:25701): Encontre el segmento del tripulante a eliminar. Base: 438, tamanio: 21
[INFO] 19:49:30:296 mi_ram.c/(25339:25701): Tamanio de la tabla de la patota 1 antes del remove: 3
[INFO] 19:49:30:296 mi_ram.c/(25339:25701): Tamanio de la tabla de la patota 1 despues del remove: 2
[INFO] 19:49:30:296 mi_ram.c/(25339:25701): Entre a es el ultimo tripulante
[INFO] 19:53:30:484 mi_ram.c/(26032:26087): INgrese a buscarEspacioNecesario
[INFO] 19:53:30:484 mi_ram.c/(26032:26087): Antes del mutex
[INFO] 19:53:30:484 mi_ram.c/(26032:26087): no apunta a nulo la tabla global
[INFO] 19:53:30:484 mi_ram.c/(26032:26087): Tamanio tabla global :1
[INFO] 19:53:30:484 mi_ram.c/(26032:26087): Ingrese a first fit
[INFO] 19:53:30:484 mi_ram.c/(26032:26087): Entre al mutex first fit
[INFO] 19:53:30:484 mi_ram.c/(26032:26087): Despues del sort
[INFO] 19:53:30:484 mi_ram.c/(26032:26087): El tamanio de segmentosLibres: 1
[INFO] 19:53:30:484 mi_ram.c/(26032:26087): Segmento libre que empieza en: 0 y tiene un tamanio de: 2048
[INFO] 19:53:30:484 mi_ram.c/(26032:26087): El segmento elegido empieza en: 0 y tiene un tamanio de: 2048
[INFO] 19:53:30:484 mi_ram.c/(26032:26087): Ingrese a first fit
[INFO] 19:53:30:484 mi_ram.c/(26032:26087): Entre al mutex first fit
[INFO] 19:53:30:484 mi_ram.c/(26032:26087): Despues del sort
[INFO] 19:53:30:484 mi_ram.c/(26032:26087): El tamanio de segmentosLibres: 1
[INFO] 19:53:30:484 mi_ram.c/(26032:26087): Segmento libre que empieza en: 8 y tiene un tamanio de: 2040
[INFO] 19:53:30:484 mi_ram.c/(26032:26087): El segmento elegido empieza en: 8 y tiene un tamanio de: 2040
[INFO] 19:53:30:484 mi_ram.c/(26032:26087): Ingrese a first fit
[INFO] 19:53:30:484 mi_ram.c/(26032:26087): Entre al mutex first fit
[INFO] 19:53:30:484 mi_ram.c/(26032:26087): Despues del sort
[INFO] 19:53:30:484 mi_ram.c/(26032:26087): El tamanio de segmentosLibres: 1
[INFO] 19:53:30:484 mi_ram.c/(26032:26087): Segmento libre que empieza en: 175 y tiene un tamanio de: 1873
[INFO] 19:53:30:484 mi_ram.c/(26032:26087): El segmento elegido empieza en: 175 y tiene un tamanio de: 1873
[INFO] 19:53:30:484 mi_ram.c/(26032:26087): Ingrese a first fit
[INFO] 19:53:30:484 mi_ram.c/(26032:26087): Entre al mutex first fit
[INFO] 19:53:30:484 mi_ram.c/(26032:26087): Despues del sort
[INFO] 19:53:30:484 mi_ram.c/(26032:26087): El tamanio de segmentosLibres: 1
[INFO] 19:53:30:484 mi_ram.c/(26032:26087): Segmento libre que empieza en: 196 y tiene un tamanio de: 1852
[INFO] 19:53:30:484 mi_ram.c/(26032:26087): El segmento elegido empieza en: 196 y tiene un tamanio de: 1852
[INFO] 19:53:30:484 mi_ram.c/(26032:26087): Ingrese a first fit
[INFO] 19:53:30:484 mi_ram.c/(26032:26087): Entre al mutex first fit
[INFO] 19:53:30:484 mi_ram.c/(26032:26087): Despues del sort
[INFO] 19:53:30:484 mi_ram.c/(26032:26087): El tamanio de segmentosLibres: 1
[INFO] 19:53:30:484 mi_ram.c/(26032:26087): Segmento libre que empieza en: 217 y tiene un tamanio de: 1831
[INFO] 19:53:30:484 mi_ram.c/(26032:26087): El segmento elegido empieza en: 217 y tiene un tamanio de: 1831
[INFO] 19:53:37:061 mi_ram.c/(26032:26099): INgrese a buscarEspacioNecesario
[INFO] 19:53:37:061 mi_ram.c/(26032:26099): Antes del mutex
[INFO] 19:53:37:061 mi_ram.c/(26032:26099): no apunta a nulo la tabla global
[INFO] 19:53:37:061 mi_ram.c/(26032:26099): Tamanio tabla global :6
[INFO] 19:53:37:061 mi_ram.c/(26032:26099): Ingrese a first fit
[INFO] 19:53:37:061 mi_ram.c/(26032:26099): Entre al mutex first fit
[INFO] 19:53:37:061 mi_ram.c/(26032:26099): Despues del sort
[INFO] 19:53:37:061 mi_ram.c/(26032:26099): El tamanio de segmentosLibres: 1
[INFO] 19:53:37:061 mi_ram.c/(26032:26099): Segmento libre que empieza en: 238 y tiene un tamanio de: 1810
[INFO] 19:53:37:061 mi_ram.c/(26032:26099): El segmento elegido empieza en: 238 y tiene un tamanio de: 1810
[INFO] 19:53:37:061 mi_ram.c/(26032:26099): Ingrese a first fit
[INFO] 19:53:37:061 mi_ram.c/(26032:26099): Entre al mutex first fit
[INFO] 19:53:37:061 mi_ram.c/(26032:26099): Despues del sort
[INFO] 19:53:37:061 mi_ram.c/(26032:26099): El tamanio de segmentosLibres: 1
[INFO] 19:53:37:061 mi_ram.c/(26032:26099): Segmento libre que empieza en: 246 y tiene un tamanio de: 1802
[INFO] 19:53:37:061 mi_ram.c/(26032:26099): El segmento elegido empieza en: 246 y tiene un tamanio de: 1802
[INFO] 19:53:37:061 mi_ram.c/(26032:26099): Ingrese a first fit
[INFO] 19:53:37:061 mi_ram.c/(26032:26099): Entre al mutex first fit
[INFO] 19:53:37:061 mi_ram.c/(26032:26099): Despues del sort
[INFO] 19:53:37:061 mi_ram.c/(26032:26099): El tamanio de segmentosLibres: 1
[INFO] 19:53:37:061 mi_ram.c/(26032:26099): Segmento libre que empieza en: 417 y tiene un tamanio de: 1631
[INFO] 19:53:37:061 mi_ram.c/(26032:26099): El segmento elegido empieza en: 417 y tiene un tamanio de: 1631
[INFO] 19:53:37:061 mi_ram.c/(26032:26099): Ingrese a first fit
[INFO] 19:53:37:061 mi_ram.c/(26032:26099): Entre al mutex first fit
[INFO] 19:53:37:061 mi_ram.c/(26032:26099): Despues del sort
[INFO] 19:53:37:061 mi_ram.c/(26032:26099): El tamanio de segmentosLibres: 1
[INFO] 19:53:37:061 mi_ram.c/(26032:26099): Segmento libre que empieza en: 438 y tiene un tamanio de: 1610
[INFO] 19:53:37:061 mi_ram.c/(26032:26099): El segmento elegido empieza en: 438 y tiene un tamanio de: 1610
[INFO] 19:53:37:061 mi_ram.c/(26032:26099): Ingrese a first fit
[INFO] 19:53:37:061 mi_ram.c/(26032:26099): Entre al mutex first fit
[INFO] 19:53:37:061 mi_ram.c/(26032:26099): Despues del sort
[INFO] 19:53:37:061 mi_ram.c/(26032:26099): El tamanio de segmentosLibres: 1
[INFO] 19:53:37:061 mi_ram.c/(26032:26099): Segmento libre que empieza en: 459 y tiene un tamanio de: 1589
[INFO] 19:53:37:061 mi_ram.c/(26032:26099): El segmento elegido empieza en: 459 y tiene un tamanio de: 1589
[INFO] 19:54:21:217 mi_ram.c/(26032:26352): Entre a eliminar tripulante segmentacion PID: 0 TID: 0
[INFO] 19:54:21:217 mi_ram.c/(26032:26352): Tamanio de la lista referencias: 2
[INFO] 19:54:21:217 mi_ram.c/(26032:26352): La referencia a la patota no es nula
[INFO] 19:54:21:217 mi_ram.c/(26032:26352): Encontre el segmento del tripulante a eliminar. Base: 175, tamanio: 21
[INFO] 19:54:21:217 mi_ram.c/(26032:26352): Tamanio de la tabla de la patota 0 antes del remove: 5
[INFO] 19:54:21:217 mi_ram.c/(26032:26352): Tamanio de la tabla de la patota 0 despues del remove: 4
[INFO] 19:54:21:217 mi_ram.c/(26032:26352): Entre a es el ultimo tripulante
[INFO] 19:54:21:217 mi_ram.c/(26032:26354): Entre a eliminar tripulante segmentacion PID: 0 TID: 1
[INFO] 19:54:21:217 mi_ram.c/(26032:26354): Tamanio de la lista referencias: 2
[INFO] 19:54:21:217 mi_ram.c/(26032:26354): La referencia a la patota no es nula
[INFO] 19:54:21:217 mi_ram.c/(26032:26354): Encontre el segmento del tripulante a eliminar. Base: 196, tamanio: 21
[INFO] 19:54:21:218 mi_ram.c/(26032:26354): Tamanio de la tabla de la patota 0 antes del remove: 4
[INFO] 19:54:21:218 mi_ram.c/(26032:26354): Tamanio de la tabla de la patota 0 despues del remove: 3
[INFO] 19:54:21:218 mi_ram.c/(26032:26354): Entre a es el ultimo tripulante
[INFO] 19:54:21:218 mi_ram.c/(26032:26356): Entre a eliminar tripulante segmentacion PID: 0 TID: 2
[INFO] 19:54:21:218 mi_ram.c/(26032:26356): Tamanio de la lista referencias: 2
[INFO] 19:54:21:218 mi_ram.c/(26032:26356): La referencia a la patota no es nula
[INFO] 19:54:21:218 mi_ram.c/(26032:26356): Encontre el segmento del tripulante a eliminar. Base: 217, tamanio: 21
[INFO] 19:54:21:218 mi_ram.c/(26032:26356): Tamanio de la tabla de la patota 0 antes del remove: 3
[INFO] 19:54:21:218 mi_ram.c/(26032:26356): Tamanio de la tabla de la patota 0 despues del remove: 2
[INFO] 19:54:21:218 mi_ram.c/(26032:26356): Entre a es el ultimo tripulante
[INFO] 19:54:39:224 mi_ram.c/(26032:26407): Entre a eliminar tripulante segmentacion PID: 1 TID: 4
[INFO] 19:54:39:224 mi_ram.c/(26032:26407): Tamanio de la lista referencias: 1
[INFO] 19:54:39:224 mi_ram.c/(26032:26407): La referencia a la patota no es nula
[INFO] 19:54:39:224 mi_ram.c/(26032:26407): Encontre el segmento del tripulante a eliminar. Base: 438, tamanio: 21
[INFO] 19:54:39:224 mi_ram.c/(26032:26407): Tamanio de la tabla de la patota 1 antes del remove: 5
[INFO] 19:54:39:224 mi_ram.c/(26032:26407): Tamanio de la tabla de la patota 1 despues del remove: 4
[INFO] 19:54:39:224 mi_ram.c/(26032:26407): Entre a es el ultimo tripulante
[INFO] 19:54:39:224 mi_ram.c/(26032:26409): Entre a eliminar tripulante segmentacion PID: 1 TID: 5
[INFO] 19:54:39:224 mi_ram.c/(26032:26409): Tamanio de la lista referencias: 1
[INFO] 19:54:39:224 mi_ram.c/(26032:26409): La referencia a la patota no es nula
[INFO] 19:54:39:224 mi_ram.c/(26032:26409): Encontre el segmento del tripulante a eliminar. Base: 459, tamanio: 21
[INFO] 19:54:39:224 mi_ram.c/(26032:26409): Tamanio de la tabla de la patota 1 antes del remove: 4
[INFO] 19:54:39:224 mi_ram.c/(26032:26409): Tamanio de la tabla de la patota 1 despues del remove: 3
[INFO] 19:54:39:224 mi_ram.c/(26032:26409): Entre a es el ultimo tripulante
[INFO] 19:54:39:224 mi_ram.c/(26032:26411): Entre a eliminar tripulante segmentacion PID: 1 TID: 3
[INFO] 19:54:39:224 mi_ram.c/(26032:26411): Tamanio de la lista referencias: 1
[INFO] 19:54:39:225 mi_ram.c/(26032:26411): La referencia a la patota no es nula
[INFO] 19:54:39:225 mi_ram.c/(26032:26411): Encontre el segmento del tripulante a eliminar. Base: 417, tamanio: 21
[INFO] 19:54:39:225 mi_ram.c/(26032:26411): Tamanio de la tabla de la patota 1 antes del remove: 3
[INFO] 19:54:39:225 mi_ram.c/(26032:26411): Tamanio de la tabla de la patota 1 despues del remove: 2
[INFO] 19:54:39:225 mi_ram.c/(26032:26411): Entre a es el ultimo tripulante
[INFO] 20:01:03:598 mi_ram.c/(26653:26730): INgrese a buscarEspacioNecesario
[INFO] 20:01:03:598 mi_ram.c/(26653:26730): Antes del mutex
[INFO] 20:01:03:598 mi_ram.c/(26653:26730): no apunta a nulo la tabla global
[INFO] 20:01:03:598 mi_ram.c/(26653:26730): Tamanio tabla global :1
[INFO] 20:01:03:598 mi_ram.c/(26653:26730): Ingrese a first fit
[INFO] 20:01:03:598 mi_ram.c/(26653:26730): Entre al mutex first fit
[INFO] 20:01:03:598 mi_ram.c/(26653:26730): Despues del sort
[INFO] 20:01:03:598 mi_ram.c/(26653:26730): El tamanio de segmentosLibres: 1
[INFO] 20:01:03:598 mi_ram.c/(26653:26730): Segmento libre que empieza en: 0 y tiene un tamanio de: 2048
[INFO] 20:01:03:598 mi_ram.c/(26653:26730): El segmento elegido empieza en: 0 y tiene un tamanio de: 2048
[INFO] 20:01:03:598 mi_ram.c/(26653:26730): Ingrese a first fit
[INFO] 20:01:03:598 mi_ram.c/(26653:26730): Entre al mutex first fit
[INFO] 20:01:03:598 mi_ram.c/(26653:26730): Despues del sort
[INFO] 20:01:03:598 mi_ram.c/(26653:26730): El tamanio de segmentosLibres: 1
[INFO] 20:01:03:598 mi_ram.c/(26653:26730): Segmento libre que empieza en: 8 y tiene un tamanio de: 2040
[INFO] 20:01:03:598 mi_ram.c/(26653:26730): El segmento elegido empieza en: 8 y tiene un tamanio de: 2040
[INFO] 20:01:03:598 mi_ram.c/(26653:26730): Ingrese a first fit
[INFO] 20:01:03:598 mi_ram.c/(26653:26730): Entre al mutex first fit
[INFO] 20:01:03:598 mi_ram.c/(26653:26730): Despues del sort
[INFO] 20:01:03:598 mi_ram.c/(26653:26730): El tamanio de segmentosLibres: 1
[INFO] 20:01:03:598 mi_ram.c/(26653:26730): Segmento libre que empieza en: 175 y tiene un tamanio de: 1873
[INFO] 20:01:03:598 mi_ram.c/(26653:26730): El segmento elegido empieza en: 175 y tiene un tamanio de: 1873
[INFO] 20:01:03:598 mi_ram.c/(26653:26730): Ingrese a first fit
[INFO] 20:01:03:599 mi_ram.c/(26653:26730): Entre al mutex first fit
[INFO] 20:01:03:599 mi_ram.c/(26653:26730): Despues del sort
[INFO] 20:01:03:599 mi_ram.c/(26653:26730): El tamanio de segmentosLibres: 1
[INFO] 20:01:03:599 mi_ram.c/(26653:26730): Segmento libre que empieza en: 196 y tiene un tamanio de: 1852
[INFO] 20:01:03:599 mi_ram.c/(26653:26730): El segmento elegido empieza en: 196 y tiene un tamanio de: 1852
[INFO] 20:01:03:599 mi_ram.c/(26653:26730): Ingrese a first fit
[INFO] 20:01:03:599 mi_ram.c/(26653:26730): Entre al mutex first fit
[INFO] 20:01:03:599 mi_ram.c/(26653:26730): Despues del sort
[INFO] 20:01:03:599 mi_ram.c/(26653:26730): El tamanio de segmentosLibres: 1
[INFO] 20:01:03:599 mi_ram.c/(26653:26730): Segmento libre que empieza en: 217 y tiene un tamanio de: 1831
[INFO] 20:01:03:599 mi_ram.c/(26653:26730): El segmento elegido empieza en: 217 y tiene un tamanio de: 1831
[INFO] 20:01:15:294 mi_ram.c/(26653:26746): INgrese a buscarEspacioNecesario
[INFO] 20:01:15:294 mi_ram.c/(26653:26746): Antes del mutex
[INFO] 20:01:15:294 mi_ram.c/(26653:26746): no apunta a nulo la tabla global
[INFO] 20:01:15:294 mi_ram.c/(26653:26746): Tamanio tabla global :6
[INFO] 20:01:15:294 mi_ram.c/(26653:26746): Ingrese a first fit
[INFO] 20:01:15:294 mi_ram.c/(26653:26746): Entre al mutex first fit
[INFO] 20:01:15:294 mi_ram.c/(26653:26746): Despues del sort
[INFO] 20:01:15:294 mi_ram.c/(26653:26746): El tamanio de segmentosLibres: 1
[INFO] 20:01:15:294 mi_ram.c/(26653:26746): Segmento libre que empieza en: 238 y tiene un tamanio de: 1810
[INFO] 20:01:15:294 mi_ram.c/(26653:26746): El segmento elegido empieza en: 238 y tiene un tamanio de: 1810
[INFO] 20:01:15:294 mi_ram.c/(26653:26746): Ingrese a first fit
[INFO] 20:01:15:294 mi_ram.c/(26653:26746): Entre al mutex first fit
[INFO] 20:01:15:294 mi_ram.c/(26653:26746): Despues del sort
[INFO] 20:01:15:294 mi_ram.c/(26653:26746): El tamanio de segmentosLibres: 1
[INFO] 20:01:15:294 mi_ram.c/(26653:26746): Segmento libre que empieza en: 246 y tiene un tamanio de: 1802
[INFO] 20:01:15:294 mi_ram.c/(26653:26746): El segmento elegido empieza en: 246 y tiene un tamanio de: 1802
[INFO] 20:01:15:294 mi_ram.c/(26653:26746): Ingrese a first fit
[INFO] 20:01:15:294 mi_ram.c/(26653:26746): Entre al mutex first fit
[INFO] 20:01:15:294 mi_ram.c/(26653:26746): Despues del sort
[INFO] 20:01:15:294 mi_ram.c/(26653:26746): El tamanio de segmentosLibres: 1
[INFO] 20:01:15:294 mi_ram.c/(26653:26746): Segmento libre que empieza en: 417 y tiene un tamanio de: 1631
[INFO] 20:01:15:294 mi_ram.c/(26653:26746): El segmento elegido empieza en: 417 y tiene un tamanio de: 1631
[INFO] 20:01:15:294 mi_ram.c/(26653:26746): Ingrese a first fit
[INFO] 20:01:15:294 mi_ram.c/(26653:26746): Entre al mutex first fit
[INFO] 20:01:15:294 mi_ram.c/(26653:26746): Despues del sort
[INFO] 20:01:15:294 mi_ram.c/(26653:26746): El tamanio de segmentosLibres: 1
[INFO] 20:01:15:294 mi_ram.c/(26653:26746): Segmento libre que empieza en: 438 y tiene un tamanio de: 1610
[INFO] 20:01:15:294 mi_ram.c/(26653:26746): El segmento elegido empieza en: 438 y tiene un tamanio de: 1610
[INFO] 20:01:15:294 mi_ram.c/(26653:26746): Ingrese a first fit
[INFO] 20:01:15:294 mi_ram.c/(26653:26746): Entre al mutex first fit
[INFO] 20:01:15:294 mi_ram.c/(26653:26746): Despues del sort
[INFO] 20:01:15:294 mi_ram.c/(26653:26746): El tamanio de segmentosLibres: 1
[INFO] 20:01:15:294 mi_ram.c/(26653:26746): Segmento libre que empieza en: 459 y tiene un tamanio de: 1589
[INFO] 20:01:15:294 mi_ram.c/(26653:26746): El segmento elegido empieza en: 459 y tiene un tamanio de: 1589
[INFO] 20:01:59:594 mi_ram.c/(26653:26982): Entre a eliminar tripulante segmentacion PID: 0 TID: 0
[INFO] 20:01:59:594 mi_ram.c/(26653:26982): Tamanio de la lista referencias: 2
[INFO] 20:01:59:594 mi_ram.c/(26653:26982): La referencia a la patota no es nula
[INFO] 20:01:59:594 mi_ram.c/(26653:26982): Encontre el segmento del tripulante a eliminar. Base: 175, tamanio: 21
[INFO] 20:01:59:594 mi_ram.c/(26653:26982): Tamanio de la tabla de la patota 0 antes del remove: 5
[INFO] 20:01:59:594 mi_ram.c/(26653:26982): Tamanio de la tabla de la patota 0 despues del remove: 4
[INFO] 20:01:59:594 mi_ram.c/(26653:26982): Entre a es el ultimo tripulante
[INFO] 20:01:59:596 mi_ram.c/(26653:26984): Entre a eliminar tripulante segmentacion PID: 0 TID: 1
[INFO] 20:01:59:596 mi_ram.c/(26653:26984): Tamanio de la lista referencias: 2
[INFO] 20:01:59:596 mi_ram.c/(26653:26984): La referencia a la patota no es nula
[INFO] 20:01:59:596 mi_ram.c/(26653:26984): Encontre el segmento del tripulante a eliminar. Base: 196, tamanio: 21
[INFO] 20:01:59:596 mi_ram.c/(26653:26984): Tamanio de la tabla de la patota 0 antes del remove: 4
[INFO] 20:01:59:596 mi_ram.c/(26653:26984): Tamanio de la tabla de la patota 0 despues del remove: 3
[INFO] 20:01:59:597 mi_ram.c/(26653:26984): Entre a es el ultimo tripulante
[INFO] 20:01:59:597 mi_ram.c/(26653:26986): Entre a eliminar tripulante segmentacion PID: 0 TID: 2
[INFO] 20:01:59:597 mi_ram.c/(26653:26986): Tamanio de la lista referencias: 2
[INFO] 20:01:59:597 mi_ram.c/(26653:26986): La referencia a la patota no es nula
[INFO] 20:01:59:597 mi_ram.c/(26653:26986): Encontre el segmento del tripulante a eliminar. Base: 217, tamanio: 21
[INFO] 20:01:59:597 mi_ram.c/(26653:26986): Tamanio de la tabla de la patota 0 antes del remove: 3
[INFO] 20:01:59:597 mi_ram.c/(26653:26986): Tamanio de la tabla de la patota 0 despues del remove: 2
[INFO] 20:01:59:597 mi_ram.c/(26653:26986): Entre a es el ultimo tripulante
[INFO] 20:02:17:599 mi_ram.c/(26653:27071): Entre a eliminar tripulante segmentacion PID: 1 TID: 3
[INFO] 20:02:17:599 mi_ram.c/(26653:27071): Tamanio de la lista referencias: 1
[INFO] 20:02:17:599 mi_ram.c/(26653:27071): La referencia a la patota no es nula
[INFO] 20:02:17:599 mi_ram.c/(26653:27071): Encontre el segmento del tripulante a eliminar. Base: 417, tamanio: 21
[INFO] 20:02:17:599 mi_ram.c/(26653:27071): Tamanio de la tabla de la patota 1 antes del remove: 5
[INFO] 20:02:17:599 mi_ram.c/(26653:27071): Tamanio de la tabla de la patota 1 despues del remove: 4
[INFO] 20:02:17:599 mi_ram.c/(26653:27071): Entre a es el ultimo tripulante
[INFO] 20:02:17:599 mi_ram.c/(26653:27073): Entre a eliminar tripulante segmentacion PID: 1 TID: 4
[INFO] 20:02:17:599 mi_ram.c/(26653:27073): Tamanio de la lista referencias: 1
[INFO] 20:02:17:599 mi_ram.c/(26653:27073): La referencia a la patota no es nula
[INFO] 20:02:17:599 mi_ram.c/(26653:27073): Encontre el segmento del tripulante a eliminar. Base: 438, tamanio: 21
[INFO] 20:02:17:599 mi_ram.c/(26653:27073): Tamanio de la tabla de la patota 1 antes del remove: 4
[INFO] 20:02:17:599 mi_ram.c/(26653:27073): Tamanio de la tabla de la patota 1 despues del remove: 3
[INFO] 20:02:17:599 mi_ram.c/(26653:27073): Entre a es el ultimo tripulante
[INFO] 20:02:17:604 mi_ram.c/(26653:27075): Entre a eliminar tripulante segmentacion PID: 1 TID: 5
[INFO] 20:02:17:604 mi_ram.c/(26653:27075): Tamanio de la lista referencias: 1
[INFO] 20:02:17:604 mi_ram.c/(26653:27075): La referencia a la patota no es nula
[INFO] 20:02:17:604 mi_ram.c/(26653:27075): Encontre el segmento del tripulante a eliminar. Base: 459, tamanio: 21
[INFO] 20:02:17:604 mi_ram.c/(26653:27075): Tamanio de la tabla de la patota 1 antes del remove: 3
[INFO] 20:02:17:604 mi_ram.c/(26653:27075): Tamanio de la tabla de la patota 1 despues del remove: 2
[INFO] 20:02:17:604 mi_ram.c/(26653:27075): Entre a es el ultimo tripulante
[INFO] 20:05:28:467 mi_ram.c/(27223:27275): INgrese a buscarEspacioNecesario
[INFO] 20:05:28:467 mi_ram.c/(27223:27275): Antes del mutex
[INFO] 20:05:28:467 mi_ram.c/(27223:27275): no apunta a nulo la tabla global
[INFO] 20:05:28:467 mi_ram.c/(27223:27275): Tamanio tabla global :1
[INFO] 20:05:28:467 mi_ram.c/(27223:27275): Ingrese a first fit
[INFO] 20:05:28:467 mi_ram.c/(27223:27275): Entre al mutex first fit
[INFO] 20:05:28:467 mi_ram.c/(27223:27275): Despues del sort
[INFO] 20:05:28:467 mi_ram.c/(27223:27275): El tamanio de segmentosLibres: 1
[INFO] 20:05:28:467 mi_ram.c/(27223:27275): Segmento libre que empieza en: 0 y tiene un tamanio de: 2048
[INFO] 20:05:28:467 mi_ram.c/(27223:27275): El segmento elegido empieza en: 0 y tiene un tamanio de: 2048
[INFO] 20:05:28:467 mi_ram.c/(27223:27275): Ingrese a first fit
[INFO] 20:05:28:467 mi_ram.c/(27223:27275): Entre al mutex first fit
[INFO] 20:05:28:467 mi_ram.c/(27223:27275): Despues del sort
[INFO] 20:05:28:467 mi_ram.c/(27223:27275): El tamanio de segmentosLibres: 1
[INFO] 20:05:28:467 mi_ram.c/(27223:27275): Segmento libre que empieza en: 8 y tiene un tamanio de: 2040
[INFO] 20:05:28:467 mi_ram.c/(27223:27275): El segmento elegido empieza en: 8 y tiene un tamanio de: 2040
[INFO] 20:05:28:467 mi_ram.c/(27223:27275): Ingrese a first fit
[INFO] 20:05:28:467 mi_ram.c/(27223:27275): Entre al mutex first fit
[INFO] 20:05:28:467 mi_ram.c/(27223:27275): Despues del sort
[INFO] 20:05:28:467 mi_ram.c/(27223:27275): El tamanio de segmentosLibres: 1
[INFO] 20:05:28:467 mi_ram.c/(27223:27275): Segmento libre que empieza en: 175 y tiene un tamanio de: 1873
[INFO] 20:05:28:467 mi_ram.c/(27223:27275): El segmento elegido empieza en: 175 y tiene un tamanio de: 1873
[INFO] 20:05:28:468 mi_ram.c/(27223:27275): Ingrese a first fit
[INFO] 20:05:28:468 mi_ram.c/(27223:27275): Entre al mutex first fit
[INFO] 20:05:28:468 mi_ram.c/(27223:27275): Despues del sort
[INFO] 20:05:28:468 mi_ram.c/(27223:27275): El tamanio de segmentosLibres: 1
[INFO] 20:05:28:468 mi_ram.c/(27223:27275): Segmento libre que empieza en: 196 y tiene un tamanio de: 1852
[INFO] 20:05:28:468 mi_ram.c/(27223:27275): El segmento elegido empieza en: 196 y tiene un tamanio de: 1852
[INFO] 20:05:28:468 mi_ram.c/(27223:27275): Ingrese a first fit
[INFO] 20:05:28:468 mi_ram.c/(27223:27275): Entre al mutex first fit
[INFO] 20:05:28:468 mi_ram.c/(27223:27275): Despues del sort
[INFO] 20:05:28:468 mi_ram.c/(27223:27275): El tamanio de segmentosLibres: 1
[INFO] 20:05:28:468 mi_ram.c/(27223:27275): Segmento libre que empieza en: 217 y tiene un tamanio de: 1831
[INFO] 20:05:28:468 mi_ram.c/(27223:27275): El segmento elegido empieza en: 217 y tiene un tamanio de: 1831
[INFO] 20:17:31:851 mi_ram.c/(27952:27983): INgrese a buscarEspacioNecesario
[INFO] 20:17:31:851 mi_ram.c/(27952:27983): Antes del mutex
[INFO] 20:17:31:851 mi_ram.c/(27952:27983): no apunta a nulo la tabla global
[INFO] 20:17:31:851 mi_ram.c/(27952:27983): Tamanio tabla global :1
[INFO] 20:17:31:851 mi_ram.c/(27952:27983): Ingrese a first fit
[INFO] 20:17:31:851 mi_ram.c/(27952:27983): Entre al mutex first fit
[INFO] 20:17:31:851 mi_ram.c/(27952:27983): Despues del sort
[INFO] 20:17:31:851 mi_ram.c/(27952:27983): El tamanio de segmentosLibres: 1
[INFO] 20:17:31:851 mi_ram.c/(27952:27983): Segmento libre que empieza en: 0 y tiene un tamanio de: 2048
[INFO] 20:17:31:851 mi_ram.c/(27952:27983): El segmento elegido empieza en: 0 y tiene un tamanio de: 2048
[INFO] 20:17:31:851 mi_ram.c/(27952:27983): Ingrese a first fit
[INFO] 20:17:31:851 mi_ram.c/(27952:27983): Entre al mutex first fit
[INFO] 20:17:31:851 mi_ram.c/(27952:27983): Despues del sort
[INFO] 20:17:31:851 mi_ram.c/(27952:27983): El tamanio de segmentosLibres: 1
[INFO] 20:17:31:851 mi_ram.c/(27952:27983): Segmento libre que empieza en: 8 y tiene un tamanio de: 2040
[INFO] 20:17:31:851 mi_ram.c/(27952:27983): El segmento elegido empieza en: 8 y tiene un tamanio de: 2040
[INFO] 20:17:31:851 mi_ram.c/(27952:27983): Ingrese a first fit
[INFO] 20:17:31:851 mi_ram.c/(27952:27983): Entre al mutex first fit
[INFO] 20:17:31:851 mi_ram.c/(27952:27983): Despues del sort
[INFO] 20:17:31:851 mi_ram.c/(27952:27983): El tamanio de segmentosLibres: 1
[INFO] 20:17:31:851 mi_ram.c/(27952:27983): Segmento libre que empieza en: 175 y tiene un tamanio de: 1873
[INFO] 20:17:31:851 mi_ram.c/(27952:27983): El segmento elegido empieza en: 175 y tiene un tamanio de: 1873
[INFO] 20:17:31:852 mi_ram.c/(27952:27983): Ingrese a first fit
[INFO] 20:17:31:852 mi_ram.c/(27952:27983): Entre al mutex first fit
[INFO] 20:17:31:852 mi_ram.c/(27952:27983): Despues del sort
[INFO] 20:17:31:852 mi_ram.c/(27952:27983): El tamanio de segmentosLibres: 1
[INFO] 20:17:31:852 mi_ram.c/(27952:27983): Segmento libre que empieza en: 196 y tiene un tamanio de: 1852
[INFO] 20:17:31:852 mi_ram.c/(27952:27983): El segmento elegido empieza en: 196 y tiene un tamanio de: 1852
[INFO] 20:17:31:852 mi_ram.c/(27952:27983): Ingrese a first fit
[INFO] 20:17:31:852 mi_ram.c/(27952:27983): Entre al mutex first fit
[INFO] 20:17:31:852 mi_ram.c/(27952:27983): Despues del sort
[INFO] 20:17:31:852 mi_ram.c/(27952:27983): El tamanio de segmentosLibres: 1
[INFO] 20:17:31:852 mi_ram.c/(27952:27983): Segmento libre que empieza en: 217 y tiene un tamanio de: 1831
[INFO] 20:17:31:852 mi_ram.c/(27952:27983): El segmento elegido empieza en: 217 y tiene un tamanio de: 1831
[INFO] 20:18:08:610 mi_ram.c/(28055:28065): INgrese a buscarEspacioNecesario
[INFO] 20:18:08:610 mi_ram.c/(28055:28065): Antes del mutex
[INFO] 20:18:08:610 mi_ram.c/(28055:28065): no apunta a nulo la tabla global
[INFO] 20:18:08:610 mi_ram.c/(28055:28065): Tamanio tabla global :1
[INFO] 20:18:08:610 mi_ram.c/(28055:28065): Ingrese a first fit
[INFO] 20:18:08:610 mi_ram.c/(28055:28065): Entre al mutex first fit
[INFO] 20:18:08:610 mi_ram.c/(28055:28065): Despues del sort
[INFO] 20:18:08:610 mi_ram.c/(28055:28065): El tamanio de segmentosLibres: 1
[INFO] 20:18:08:610 mi_ram.c/(28055:28065): Segmento libre que empieza en: 0 y tiene un tamanio de: 2048
[INFO] 20:18:08:610 mi_ram.c/(28055:28065): El segmento elegido empieza en: 0 y tiene un tamanio de: 2048
[INFO] 20:18:08:610 mi_ram.c/(28055:28065): Ingrese a first fit
[INFO] 20:18:08:610 mi_ram.c/(28055:28065): Entre al mutex first fit
[INFO] 20:18:08:610 mi_ram.c/(28055:28065): Despues del sort
[INFO] 20:18:08:610 mi_ram.c/(28055:28065): El tamanio de segmentosLibres: 1
[INFO] 20:18:08:610 mi_ram.c/(28055:28065): Segmento libre que empieza en: 8 y tiene un tamanio de: 2040
[INFO] 20:18:08:610 mi_ram.c/(28055:28065): El segmento elegido empieza en: 8 y tiene un tamanio de: 2040
[INFO] 20:18:08:610 mi_ram.c/(28055:28065): Ingrese a first fit
[INFO] 20:18:08:610 mi_ram.c/(28055:28065): Entre al mutex first fit
[INFO] 20:18:08:610 mi_ram.c/(28055:28065): Despues del sort
[INFO] 20:18:08:610 mi_ram.c/(28055:28065): El tamanio de segmentosLibres: 1
[INFO] 20:18:08:610 mi_ram.c/(28055:28065): Segmento libre que empieza en: 175 y tiene un tamanio de: 1873
[INFO] 20:18:08:610 mi_ram.c/(28055:28065): El segmento elegido empieza en: 175 y tiene un tamanio de: 1873
[INFO] 20:18:08:611 mi_ram.c/(28055:28065): Ingrese a first fit
[INFO] 20:18:08:611 mi_ram.c/(28055:28065): Entre al mutex first fit
[INFO] 20:18:08:611 mi_ram.c/(28055:28065): Despues del sort
[INFO] 20:18:08:611 mi_ram.c/(28055:28065): El tamanio de segmentosLibres: 1
[INFO] 20:18:08:611 mi_ram.c/(28055:28065): Segmento libre que empieza en: 196 y tiene un tamanio de: 1852
[INFO] 20:18:08:611 mi_ram.c/(28055:28065): El segmento elegido empieza en: 196 y tiene un tamanio de: 1852
[INFO] 20:18:08:611 mi_ram.c/(28055:28065): Ingrese a first fit
[INFO] 20:18:08:611 mi_ram.c/(28055:28065): Entre al mutex first fit
[INFO] 20:18:08:611 mi_ram.c/(28055:28065): Despues del sort
[INFO] 20:18:08:611 mi_ram.c/(28055:28065): El tamanio de segmentosLibres: 1
[INFO] 20:18:08:611 mi_ram.c/(28055:28065): Segmento libre que empieza en: 217 y tiene un tamanio de: 1831
[INFO] 20:18:08:611 mi_ram.c/(28055:28065): El segmento elegido empieza en: 217 y tiene un tamanio de: 1831
[INFO] 20:20:00:562 mi_ram.c/(28190:28321): INgrese a buscarEspacioNecesario
[INFO] 20:20:00:562 mi_ram.c/(28190:28321): Antes del mutex
[INFO] 20:20:00:562 mi_ram.c/(28190:28321): no apunta a nulo la tabla global
[INFO] 20:20:00:562 mi_ram.c/(28190:28321): Tamanio tabla global :1
[INFO] 20:20:00:562 mi_ram.c/(28190:28321): Ingrese a first fit
[INFO] 20:20:00:562 mi_ram.c/(28190:28321): Entre al mutex first fit
[INFO] 20:20:00:562 mi_ram.c/(28190:28321): Despues del sort
[INFO] 20:20:00:562 mi_ram.c/(28190:28321): El tamanio de segmentosLibres: 1
[INFO] 20:20:00:562 mi_ram.c/(28190:28321): Segmento libre que empieza en: 0 y tiene un tamanio de: 2048
[INFO] 20:20:00:562 mi_ram.c/(28190:28321): El segmento elegido empieza en: 0 y tiene un tamanio de: 2048
[INFO] 20:20:00:562 mi_ram.c/(28190:28321): Ingrese a first fit
[INFO] 20:20:00:562 mi_ram.c/(28190:28321): Entre al mutex first fit
[INFO] 20:20:00:562 mi_ram.c/(28190:28321): Despues del sort
[INFO] 20:20:00:562 mi_ram.c/(28190:28321): El tamanio de segmentosLibres: 1
[INFO] 20:20:00:562 mi_ram.c/(28190:28321): Segmento libre que empieza en: 8 y tiene un tamanio de: 2040
[INFO] 20:20:00:562 mi_ram.c/(28190:28321): El segmento elegido empieza en: 8 y tiene un tamanio de: 2040
[INFO] 20:20:00:562 mi_ram.c/(28190:28321): Ingrese a first fit
[INFO] 20:20:00:562 mi_ram.c/(28190:28321): Entre al mutex first fit
[INFO] 20:20:00:562 mi_ram.c/(28190:28321): Despues del sort
[INFO] 20:20:00:562 mi_ram.c/(28190:28321): El tamanio de segmentosLibres: 1
[INFO] 20:20:00:562 mi_ram.c/(28190:28321): Segmento libre que empieza en: 175 y tiene un tamanio de: 1873
[INFO] 20:20:00:562 mi_ram.c/(28190:28321): El segmento elegido empieza en: 175 y tiene un tamanio de: 1873
[INFO] 20:20:00:562 mi_ram.c/(28190:28321): Ingrese a first fit
[INFO] 20:20:00:562 mi_ram.c/(28190:28321): Entre al mutex first fit
[INFO] 20:20:00:562 mi_ram.c/(28190:28321): Despues del sort
[INFO] 20:20:00:562 mi_ram.c/(28190:28321): El tamanio de segmentosLibres: 1
[INFO] 20:20:00:562 mi_ram.c/(28190:28321): Segmento libre que empieza en: 196 y tiene un tamanio de: 1852
[INFO] 20:20:00:562 mi_ram.c/(28190:28321): El segmento elegido empieza en: 196 y tiene un tamanio de: 1852
[INFO] 20:20:00:563 mi_ram.c/(28190:28321): Ingrese a first fit
[INFO] 20:20:00:563 mi_ram.c/(28190:28321): Entre al mutex first fit
[INFO] 20:20:00:563 mi_ram.c/(28190:28321): Despues del sort
[INFO] 20:20:00:563 mi_ram.c/(28190:28321): El tamanio de segmentosLibres: 1
[INFO] 20:20:00:563 mi_ram.c/(28190:28321): Segmento libre que empieza en: 217 y tiene un tamanio de: 1831
[INFO] 20:20:00:563 mi_ram.c/(28190:28321): El segmento elegido empieza en: 217 y tiene un tamanio de: 1831
[INFO] 20:22:51:842 mi_ram.c/(28467:28602): INgrese a buscarEspacioNecesario
[INFO] 20:22:51:842 mi_ram.c/(28467:28602): Antes del mutex
[INFO] 20:22:51:842 mi_ram.c/(28467:28602): no apunta a nulo la tabla global
[INFO] 20:22:51:842 mi_ram.c/(28467:28602): Tamanio tabla global :1
[INFO] 20:22:51:842 mi_ram.c/(28467:28602): Ingrese a first fit
[INFO] 20:22:51:842 mi_ram.c/(28467:28602): Entre al mutex first fit
[INFO] 20:22:51:842 mi_ram.c/(28467:28602): Despues del sort
[INFO] 20:22:51:842 mi_ram.c/(28467:28602): El tamanio de segmentosLibres: 1
[INFO] 20:22:51:842 mi_ram.c/(28467:28602): Segmento libre que empieza en: 0 y tiene un tamanio de: 2048
[INFO] 20:22:51:842 mi_ram.c/(28467:28602): El segmento elegido empieza en: 0 y tiene un tamanio de: 2048
[INFO] 20:22:51:842 mi_ram.c/(28467:28602): Ingrese a first fit
[INFO] 20:22:51:842 mi_ram.c/(28467:28602): Entre al mutex first fit
[INFO] 20:22:51:842 mi_ram.c/(28467:28602): Despues del sort
[INFO] 20:22:51:842 mi_ram.c/(28467:28602): El tamanio de segmentosLibres: 1
[INFO] 20:22:51:842 mi_ram.c/(28467:28602): Segmento libre que empieza en: 8 y tiene un tamanio de: 2040
[INFO] 20:22:51:842 mi_ram.c/(28467:28602): El segmento elegido empieza en: 8 y tiene un tamanio de: 2040
[INFO] 20:22:51:842 mi_ram.c/(28467:28602): Ingrese a first fit
[INFO] 20:22:51:842 mi_ram.c/(28467:28602): Entre al mutex first fit
[INFO] 20:22:51:842 mi_ram.c/(28467:28602): Despues del sort
[INFO] 20:22:51:842 mi_ram.c/(28467:28602): El tamanio de segmentosLibres: 1
[INFO] 20:22:51:842 mi_ram.c/(28467:28602): Segmento libre que empieza en: 175 y tiene un tamanio de: 1873
[INFO] 20:22:51:842 mi_ram.c/(28467:28602): El segmento elegido empieza en: 175 y tiene un tamanio de: 1873
[INFO] 20:22:51:843 mi_ram.c/(28467:28602): Ingrese a first fit
[INFO] 20:22:51:843 mi_ram.c/(28467:28602): Entre al mutex first fit
[INFO] 20:22:51:843 mi_ram.c/(28467:28602): Despues del sort
[INFO] 20:22:51:843 mi_ram.c/(28467:28602): El tamanio de segmentosLibres: 1
[INFO] 20:22:51:843 mi_ram.c/(28467:28602): Segmento libre que empieza en: 196 y tiene un tamanio de: 1852
[INFO] 20:22:51:843 mi_ram.c/(28467:28602): El segmento elegido empieza en: 196 y tiene un tamanio de: 1852
[INFO] 20:22:51:843 mi_ram.c/(28467:28602): Ingrese a first fit
[INFO] 20:22:51:843 mi_ram.c/(28467:28602): Entre al mutex first fit
[INFO] 20:22:51:843 mi_ram.c/(28467:28602): Despues del sort
[INFO] 20:22:51:843 mi_ram.c/(28467:28602): El tamanio de segmentosLibres: 1
[INFO] 20:22:51:843 mi_ram.c/(28467:28602): Segmento libre que empieza en: 217 y tiene un tamanio de: 1831
[INFO] 20:22:51:843 mi_ram.c/(28467:28602): El segmento elegido empieza en: 217 y tiene un tamanio de: 1831
[INFO] 20:24:23:170 mi_ram.c/(28689:28849): INgrese a buscarEspacioNecesario
[INFO] 20:24:23:170 mi_ram.c/(28689:28849): Antes del mutex
[INFO] 20:24:23:170 mi_ram.c/(28689:28849): no apunta a nulo la tabla global
[INFO] 20:24:23:170 mi_ram.c/(28689:28849): Tamanio tabla global :1
[INFO] 20:24:23:170 mi_ram.c/(28689:28849): Ingrese a first fit
[INFO] 20:24:23:170 mi_ram.c/(28689:28849): Entre al mutex first fit
[INFO] 20:24:23:170 mi_ram.c/(28689:28849): Despues del sort
[INFO] 20:24:23:170 mi_ram.c/(28689:28849): El tamanio de segmentosLibres: 1
[INFO] 20:24:23:170 mi_ram.c/(28689:28849): Segmento libre que empieza en: 0 y tiene un tamanio de: 2048
[INFO] 20:24:23:170 mi_ram.c/(28689:28849): El segmento elegido empieza en: 0 y tiene un tamanio de: 2048
[INFO] 20:24:23:170 mi_ram.c/(28689:28849): Ingrese a first fit
[INFO] 20:24:23:170 mi_ram.c/(28689:28849): Entre al mutex first fit
[INFO] 20:24:23:170 mi_ram.c/(28689:28849): Despues del sort
[INFO] 20:24:23:170 mi_ram.c/(28689:28849): El tamanio de segmentosLibres: 1
[INFO] 20:24:23:170 mi_ram.c/(28689:28849): Segmento libre que empieza en: 8 y tiene un tamanio de: 2040
[INFO] 20:24:23:170 mi_ram.c/(28689:28849): El segmento elegido empieza en: 8 y tiene un tamanio de: 2040
[INFO] 20:24:23:170 mi_ram.c/(28689:28849): Ingrese a first fit
[INFO] 20:24:23:170 mi_ram.c/(28689:28849): Entre al mutex first fit
[INFO] 20:24:23:170 mi_ram.c/(28689:28849): Despues del sort
[INFO] 20:24:23:170 mi_ram.c/(28689:28849): El tamanio de segmentosLibres: 1
[INFO] 20:24:23:170 mi_ram.c/(28689:28849): Segmento libre que empieza en: 175 y tiene un tamanio de: 1873
[INFO] 20:24:23:170 mi_ram.c/(28689:28849): El segmento elegido empieza en: 175 y tiene un tamanio de: 1873
[INFO] 20:24:23:171 mi_ram.c/(28689:28849): Ingrese a first fit
[INFO] 20:24:23:171 mi_ram.c/(28689:28849): Entre al mutex first fit
[INFO] 20:24:23:171 mi_ram.c/(28689:28849): Despues del sort
[INFO] 20:24:23:171 mi_ram.c/(28689:28849): El tamanio de segmentosLibres: 1
[INFO] 20:24:23:171 mi_ram.c/(28689:28849): Segmento libre que empieza en: 196 y tiene un tamanio de: 1852
[INFO] 20:24:23:171 mi_ram.c/(28689:28849): El segmento elegido empieza en: 196 y tiene un tamanio de: 1852
[INFO] 20:24:23:171 mi_ram.c/(28689:28849): Ingrese a first fit
[INFO] 20:24:23:171 mi_ram.c/(28689:28849): Entre al mutex first fit
[INFO] 20:24:23:171 mi_ram.c/(28689:28849): Despues del sort
[INFO] 20:24:23:171 mi_ram.c/(28689:28849): El tamanio de segmentosLibres: 1
[INFO] 20:24:23:171 mi_ram.c/(28689:28849): Segmento libre que empieza en: 217 y tiene un tamanio de: 1831
[INFO] 20:24:23:171 mi_ram.c/(28689:28849): El segmento elegido empieza en: 217 y tiene un tamanio de: 1831
[INFO] 20:26:47:140 mi_ram.c/(28995:29123): INgrese a buscarEspacioNecesario
[INFO] 20:26:47:140 mi_ram.c/(28995:29123): Antes del mutex
[INFO] 20:26:47:140 mi_ram.c/(28995:29123): no apunta a nulo la tabla global
[INFO] 20:26:47:140 mi_ram.c/(28995:29123): Tamanio tabla global :1
[INFO] 20:26:47:140 mi_ram.c/(28995:29123): Ingrese a first fit
[INFO] 20:26:47:140 mi_ram.c/(28995:29123): Entre al mutex first fit
[INFO] 20:26:47:140 mi_ram.c/(28995:29123): Despues del sort
[INFO] 20:26:47:140 mi_ram.c/(28995:29123): El tamanio de segmentosLibres: 1
[INFO] 20:26:47:140 mi_ram.c/(28995:29123): Segmento libre que empieza en: 0 y tiene un tamanio de: 2048
[INFO] 20:26:47:141 mi_ram.c/(28995:29123): El segmento elegido empieza en: 0 y tiene un tamanio de: 2048
[INFO] 20:26:47:141 mi_ram.c/(28995:29123): Ingrese a first fit
[INFO] 20:26:47:141 mi_ram.c/(28995:29123): Entre al mutex first fit
[INFO] 20:26:47:141 mi_ram.c/(28995:29123): Despues del sort
[INFO] 20:26:47:141 mi_ram.c/(28995:29123): El tamanio de segmentosLibres: 1
[INFO] 20:26:47:141 mi_ram.c/(28995:29123): Segmento libre que empieza en: 8 y tiene un tamanio de: 2040
[INFO] 20:26:47:141 mi_ram.c/(28995:29123): El segmento elegido empieza en: 8 y tiene un tamanio de: 2040
[INFO] 20:26:47:141 mi_ram.c/(28995:29123): Ingrese a first fit
[INFO] 20:26:47:141 mi_ram.c/(28995:29123): Entre al mutex first fit
[INFO] 20:26:47:141 mi_ram.c/(28995:29123): Despues del sort
[INFO] 20:26:47:141 mi_ram.c/(28995:29123): El tamanio de segmentosLibres: 1
[INFO] 20:26:47:141 mi_ram.c/(28995:29123): Segmento libre que empieza en: 175 y tiene un tamanio de: 1873
[INFO] 20:26:47:141 mi_ram.c/(28995:29123): El segmento elegido empieza en: 175 y tiene un tamanio de: 1873
[INFO] 20:26:47:141 mi_ram.c/(28995:29123): Ingrese a first fit
[INFO] 20:26:47:141 mi_ram.c/(28995:29123): Entre al mutex first fit
[INFO] 20:26:47:141 mi_ram.c/(28995:29123): Despues del sort
[INFO] 20:26:47:141 mi_ram.c/(28995:29123): El tamanio de segmentosLibres: 1
[INFO] 20:26:47:141 mi_ram.c/(28995:29123): Segmento libre que empieza en: 196 y tiene un tamanio de: 1852
[INFO] 20:26:47:141 mi_ram.c/(28995:29123): El segmento elegido empieza en: 196 y tiene un tamanio de: 1852
[INFO] 20:26:47:141 mi_ram.c/(28995:29123): Ingrese a first fit
[INFO] 20:26:47:141 mi_ram.c/(28995:29123): Entre al mutex first fit
[INFO] 20:26:47:141 mi_ram.c/(28995:29123): Despues del sort
[INFO] 20:26:47:141 mi_ram.c/(28995:29123): El tamanio de segmentosLibres: 1
[INFO] 20:26:47:141 mi_ram.c/(28995:29123): Segmento libre que empieza en: 217 y tiene un tamanio de: 1831
[INFO] 20:26:47:141 mi_ram.c/(28995:29123): El segmento elegido empieza en: 217 y tiene un tamanio de: 1831
[INFO] 20:29:50:741 mi_ram.c/(29349:29486): INgrese a buscarEspacioNecesario
[INFO] 20:29:50:741 mi_ram.c/(29349:29486): Antes del mutex
[INFO] 20:29:50:741 mi_ram.c/(29349:29486): no apunta a nulo la tabla global
[INFO] 20:29:50:741 mi_ram.c/(29349:29486): Tamanio tabla global :1
[INFO] 20:29:50:741 mi_ram.c/(29349:29486): Ingrese a first fit
[INFO] 20:29:50:741 mi_ram.c/(29349:29486): Entre al mutex first fit
[INFO] 20:29:50:741 mi_ram.c/(29349:29486): Despues del sort
[INFO] 20:29:50:741 mi_ram.c/(29349:29486): El tamanio de segmentosLibres: 1
[INFO] 20:29:50:741 mi_ram.c/(29349:29486): Segmento libre que empieza en: 0 y tiene un tamanio de: 2048
[INFO] 20:29:50:741 mi_ram.c/(29349:29486): El segmento elegido empieza en: 0 y tiene un tamanio de: 2048
[INFO] 20:29:50:741 mi_ram.c/(29349:29486): Ingrese a first fit
[INFO] 20:29:50:741 mi_ram.c/(29349:29486): Entre al mutex first fit
[INFO] 20:29:50:741 mi_ram.c/(29349:29486): Despues del sort
[INFO] 20:29:50:741 mi_ram.c/(29349:29486): El tamanio de segmentosLibres: 1
[INFO] 20:29:50:741 mi_ram.c/(29349:29486): Segmento libre que empieza en: 8 y tiene un tamanio de: 2040
[INFO] 20:29:50:741 mi_ram.c/(29349:29486): El segmento elegido empieza en: 8 y tiene un tamanio de: 2040
[INFO] 20:29:50:741 mi_ram.c/(29349:29486): Ingrese a first fit
[INFO] 20:29:50:741 mi_ram.c/(29349:29486): Entre al mutex first fit
[INFO] 20:29:50:741 mi_ram.c/(29349:29486): Despues del sort
[INFO] 20:29:50:741 mi_ram.c/(29349:29486): El tamanio de segmentosLibres: 1
[INFO] 20:29:50:741 mi_ram.c/(29349:29486): Segmento libre que empieza en: 175 y tiene un tamanio de: 1873
[INFO] 20:29:50:741 mi_ram.c/(29349:29486): El segmento elegido empieza en: 175 y tiene un tamanio de: 1873
[INFO] 20:29:50:742 mi_ram.c/(29349:29486): Ingrese a first fit
[INFO] 20:29:50:742 mi_ram.c/(29349:29486): Entre al mutex first fit
[INFO] 20:29:50:742 mi_ram.c/(29349:29486): Despues del sort
[INFO] 20:29:50:742 mi_ram.c/(29349:29486): El tamanio de segmentosLibres: 1
[INFO] 20:29:50:742 mi_ram.c/(29349:29486): Segmento libre que empieza en: 196 y tiene un tamanio de: 1852
[INFO] 20:29:50:742 mi_ram.c/(29349:29486): El segmento elegido empieza en: 196 y tiene un tamanio de: 1852
[INFO] 20:29:50:742 mi_ram.c/(29349:29486): Ingrese a first fit
[INFO] 20:29:50:742 mi_ram.c/(29349:29486): Entre al mutex first fit
[INFO] 20:29:50:742 mi_ram.c/(29349:29486): Despues del sort
[INFO] 20:29:50:742 mi_ram.c/(29349:29486): El tamanio de segmentosLibres: 1
[INFO] 20:29:50:742 mi_ram.c/(29349:29486): Segmento libre que empieza en: 217 y tiene un tamanio de: 1831
[INFO] 20:29:50:742 mi_ram.c/(29349:29486): El segmento elegido empieza en: 217 y tiene un tamanio de: 1831
[INFO] 20:30:36:885 mi_ram.c/(29349:29645): Entre a eliminar tripulante segmentacion PID: 0 TID: 0
[INFO] 20:30:36:885 mi_ram.c/(29349:29645): Tamanio de la lista referencias: 1
[INFO] 20:30:36:885 mi_ram.c/(29349:29645): La referencia a la patota no es nula
[INFO] 20:30:36:885 mi_ram.c/(29349:29645): Encontre el segmento del tripulante a eliminar. Base: 175, tamanio: 21
[INFO] 20:30:36:885 mi_ram.c/(29349:29645): Tamanio de la tabla de la patota 0 antes del remove: 5
[INFO] 20:30:36:885 mi_ram.c/(29349:29645): Tamanio de la tabla de la patota 0 despues del remove: 4
[INFO] 20:30:36:885 mi_ram.c/(29349:29645): Entre a es el ultimo tripulante
[INFO] 20:30:36:886 mi_ram.c/(29349:29647): Entre a eliminar tripulante segmentacion PID: 0 TID: 1
[INFO] 20:30:36:886 mi_ram.c/(29349:29647): Tamanio de la lista referencias: 1
[INFO] 20:30:36:886 mi_ram.c/(29349:29647): La referencia a la patota no es nula
[INFO] 20:30:36:886 mi_ram.c/(29349:29647): Encontre el segmento del tripulante a eliminar. Base: 196, tamanio: 21
[INFO] 20:30:36:886 mi_ram.c/(29349:29647): Tamanio de la tabla de la patota 0 antes del remove: 4
[INFO] 20:30:36:886 mi_ram.c/(29349:29647): Tamanio de la tabla de la patota 0 despues del remove: 3
[INFO] 20:30:36:886 mi_ram.c/(29349:29647): Entre a es el ultimo tripulante
[INFO] 20:30:36:886 mi_ram.c/(29349:29649): Entre a eliminar tripulante segmentacion PID: 0 TID: 2
[INFO] 20:30:36:886 mi_ram.c/(29349:29649): Tamanio de la lista referencias: 1
[INFO] 20:30:36:886 mi_ram.c/(29349:29649): La referencia a la patota no es nula
[INFO] 20:30:36:886 mi_ram.c/(29349:29649): Encontre el segmento del tripulante a eliminar. Base: 217, tamanio: 21
[INFO] 20:30:36:886 mi_ram.c/(29349:29649): Tamanio de la tabla de la patota 0 antes del remove: 3
[INFO] 20:30:36:886 mi_ram.c/(29349:29649): Tamanio de la tabla de la patota 0 despues del remove: 2
[INFO] 20:30:36:886 mi_ram.c/(29349:29649): Entre a es el ultimo tripulante
